<?xml version="1.0" encoding="UTF-8"?>
<!-- Generated by org.testng.reporters.JUnitXMLReporter -->
<testsuite ignored="0" hostname="MSI" failures="0" tests="15" name="Product" time="17.985" errors="0" timestamp="2020-08-09T04:57:10 IST">
  <testcase classname="com.BestBUY_BDD.test.Products" name="ProductCategory" time="1.851"/>
  <testcase classname="com.BestBUY_BDD.test.Products" name="ProductCategory" time="0.234"/>
  <testcase classname="com.BestBUY_BDD.test.Products" name="ProductCategory" time="0.251"/>
  <testcase classname="com.BestBUY_BDD.test.Products" name="ProductCategory" time="0.237"/>
  <testcase classname="com.BestBUY_BDD.test.Products" name="ProductCategory" time="0.238"/>
  <testcase classname="com.BestBUY_BDD.test.Products" name="ProductCategory" time="0.244"/>
  <testcase classname="com.BestBUY_BDD.test.Products" name="ProductCategory" time="0.218"/>
  <testcase classname="com.BestBUY_BDD.test.Products" name="ProductCategory" time="0.244"/>
  <testcase classname="com.BestBUY_BDD.test.Products" name="ProductCategory" time="0.223"/>
  <testcase classname="com.BestBUY_BDD.test.Products" name="ProductCategory" time="0.214"/>
  <testcase classname="com.BestBUY_BDD.test.Products" name="ProductCategory" time="0.218"/>
  <testcase classname="com.BestBUY_BDD.test.Products" name="ProductNameAndDescription" time="0.434"/>
  <testcase classname="com.BestBUY_BDD.test.Products" name="ProductsCount" time="0.17"/>
  <testcase classname="com.BestBUY_BDD.test.Products" name="SortProductByPrice" time="0.201"/>
  <testcase classname="com.BestBUY_BDD.test.Products" name="SortProductByPrice" time="0.227"/>
</testsuite> <!-- Product -->
