<?xml version="1.0" encoding="UTF-8"?>
<!-- Generated by org.testng.reporters.JUnitXMLReporter -->
<testsuite ignored="0" hostname="MSI" failures="0" tests="85" name="Product" time="22.132" errors="0" timestamp="2020-08-14T21:15:18 IST">
  <testcase classname="com.BestBUY_BDD.test.Products" name="ProductCategory" time="2.138"/>
  <testcase classname="com.BestBUY_BDD.test.Products" name="ProductCategory" time="0.441"/>
  <testcase classname="com.BestBUY_BDD.test.Products" name="ProductCategory" time="0.499"/>
  <testcase classname="com.BestBUY_BDD.test.Products" name="ProductCategory" time="0.352"/>
  <testcase classname="com.BestBUY_BDD.test.Products" name="ProductCategory" time="0.266"/>
  <testcase classname="com.BestBUY_BDD.test.Products" name="ProductCategory" time="0.546"/>
  <testcase classname="com.BestBUY_BDD.test.Products" name="ProductCategory" time="0.478"/>
  <testcase classname="com.BestBUY_BDD.test.Products" name="ProductCategory" time="0.402"/>
  <testcase classname="com.BestBUY_BDD.test.Products" name="ProductCategory" time="0.476"/>
  <testcase classname="com.BestBUY_BDD.test.Products" name="ProductCategory" time="0.58"/>
  <testcase classname="com.BestBUY_BDD.test.Products" name="ProductCategory" time="0.509"/>
  <testcase classname="com.BestBUY_BDD.test.Products" name="ProductCategoryFilter" time="0.479"/>
  <testcase classname="com.BestBUY_BDD.test.Products" name="ProductCategoryFilter" time="0.541"/>
  <testcase classname="com.BestBUY_BDD.test.Products" name="ProductCategoryFilter" time="0.552"/>
  <testcase classname="com.BestBUY_BDD.test.Products" name="ProductCategoryFilter" time="0.515"/>
  <testcase classname="com.BestBUY_BDD.test.Products" name="ProductCategoryFilter" time="0.471"/>
  <testcase classname="com.BestBUY_BDD.test.Products" name="ProductCategoryFilter" time="0.542"/>
  <testcase classname="com.BestBUY_BDD.test.Products" name="ProductCategoryFilter" time="0.558"/>
  <testcase classname="com.BestBUY_BDD.test.Products" name="ProductCategoryFilter" time="0.56"/>
  <testcase classname="com.BestBUY_BDD.test.Products" name="ProductCategoryFilter" time="0.501"/>
  <testcase classname="com.BestBUY_BDD.test.Products" name="ProductCategoryFilter" time="0.556"/>
  <testcase classname="com.BestBUY_BDD.test.Products" name="ProductCategoryFilter" time="0.55"/>
  <testcase classname="com.BestBUY_BDD.test.Products" name="ProductCategoryFilter" time="0.373"/>
  <testcase classname="com.BestBUY_BDD.test.Products" name="ProductCategoryFilter" time="0.379"/>
  <testcase classname="com.BestBUY_BDD.test.Products" name="ProductCategoryFilter" time="0.566"/>
  <testcase classname="com.BestBUY_BDD.test.Products" name="ProductCategoryFilter" time="0.528"/>
  <testcase classname="com.BestBUY_BDD.test.Products" name="ProductCategoryFilter" time="0.456"/>
  <testcase classname="com.BestBUY_BDD.test.Products" name="ProductCategoryFilter" time="0.275"/>
  <testcase classname="com.BestBUY_BDD.test.Products" name="ProductCategoryFilter" time="0.42"/>
  <testcase classname="com.BestBUY_BDD.test.Products" name="ProductCategoryFilter" time="0.557"/>
  <testcase classname="com.BestBUY_BDD.test.Products" name="ProductCategoryFilter" time="0.515"/>
  <testcase classname="com.BestBUY_BDD.test.Products" name="ProductCategoryFilter" time="0.513"/>
  <testcase classname="com.BestBUY_BDD.test.Products" name="ProductCategoryFilter" time="0.531"/>
  <testcase classname="com.BestBUY_BDD.test.Products" name="ProductNameAndDescription" time="0.549"/>
  <testcase classname="com.BestBUY_BDD.test.Products" name="SortProductByPrice" time="0.331"/>
  <testcase classname="com.BestBUY_BDD.test.Products" name="SortProductByPrice" time="0.532"/>
  <testcase classname="com.BestBUY_BDD.test.Products" name="createProduct" time="0.155"/>
  <testcase classname="com.BestBUY_BDD.test.Products" name="getProductById" time="0.059"/>
  <testcase classname="com.BestBUY_BDD.test.Products" name="updateProduct" time="0.114"/>
  <testcase classname="com.BestBUY_BDD.test.Products" name="deleteProductById" time="0.019"/>
  <testcase classname="com.BestBUY_BDD.test.Products" name="createMultipleProducts" time="0.083"/>
  <testcase classname="com.BestBUY_BDD.test.Products" name="createMultipleProducts" time="0.075"/>
  <testcase classname="com.BestBUY_BDD.test.Products" name="createMultipleProducts" time="0.076"/>
  <testcase classname="com.BestBUY_BDD.test.Products" name="createMultipleProducts" time="0.078"/>
  <testcase classname="com.BestBUY_BDD.test.Products" name="createMultipleProducts" time="0.081"/>
  <testcase classname="com.BestBUY_BDD.test.Products" name="createMultipleProducts" time="0.082"/>
  <testcase classname="com.BestBUY_BDD.test.Products" name="createMultipleProducts" time="0.07"/>
  <testcase classname="com.BestBUY_BDD.test.Products" name="createMultipleProducts" time="0.08"/>
  <testcase classname="com.BestBUY_BDD.test.Products" name="createMultipleProducts" time="0.073"/>
  <testcase classname="com.BestBUY_BDD.test.Products" name="createMultipleProducts" time="0.086"/>
  <testcase classname="com.BestBUY_BDD.test.Products" name="createMultipleProducts" time="0.087"/>
  <testcase classname="com.BestBUY_BDD.test.Products" name="getMultipleProductsById" time="0.062"/>
  <testcase classname="com.BestBUY_BDD.test.Products" name="getMultipleProductsById" time="0.056"/>
  <testcase classname="com.BestBUY_BDD.test.Products" name="getMultipleProductsById" time="0.056"/>
  <testcase classname="com.BestBUY_BDD.test.Products" name="getMultipleProductsById" time="0.058"/>
  <testcase classname="com.BestBUY_BDD.test.Products" name="getMultipleProductsById" time="0.058"/>
  <testcase classname="com.BestBUY_BDD.test.Products" name="getMultipleProductsById" time="0.055"/>
  <testcase classname="com.BestBUY_BDD.test.Products" name="getMultipleProductsById" time="0.064"/>
  <testcase classname="com.BestBUY_BDD.test.Products" name="getMultipleProductsById" time="0.055"/>
  <testcase classname="com.BestBUY_BDD.test.Products" name="getMultipleProductsById" time="0.064"/>
  <testcase classname="com.BestBUY_BDD.test.Products" name="getMultipleProductsById" time="0.056"/>
  <testcase classname="com.BestBUY_BDD.test.Products" name="getMultipleProductsById" time="0.056"/>
  <testcase classname="com.BestBUY_BDD.test.Products" name="updateMultipleProducts" time="0.066"/>
  <testcase classname="com.BestBUY_BDD.test.Products" name="updateMultipleProducts" time="0.087"/>
  <testcase classname="com.BestBUY_BDD.test.Products" name="updateMultipleProducts" time="0.061"/>
  <testcase classname="com.BestBUY_BDD.test.Products" name="updateMultipleProducts" time="0.071"/>
  <testcase classname="com.BestBUY_BDD.test.Products" name="updateMultipleProducts" time="0.068"/>
  <testcase classname="com.BestBUY_BDD.test.Products" name="updateMultipleProducts" time="0.065"/>
  <testcase classname="com.BestBUY_BDD.test.Products" name="updateMultipleProducts" time="0.062"/>
  <testcase classname="com.BestBUY_BDD.test.Products" name="updateMultipleProducts" time="0.064"/>
  <testcase classname="com.BestBUY_BDD.test.Products" name="updateMultipleProducts" time="0.078"/>
  <testcase classname="com.BestBUY_BDD.test.Products" name="updateMultipleProducts" time="0.08"/>
  <testcase classname="com.BestBUY_BDD.test.Products" name="updateMultipleProducts" time="0.059"/>
  <testcase classname="com.BestBUY_BDD.test.Products" name="deleteMultipleProducts" time="0.02"/>
  <testcase classname="com.BestBUY_BDD.test.Products" name="deleteMultipleProducts" time="0.016"/>
  <testcase classname="com.BestBUY_BDD.test.Products" name="deleteMultipleProducts" time="0.016"/>
  <testcase classname="com.BestBUY_BDD.test.Products" name="deleteMultipleProducts" time="0.016"/>
  <testcase classname="com.BestBUY_BDD.test.Products" name="deleteMultipleProducts" time="0.015"/>
  <testcase classname="com.BestBUY_BDD.test.Products" name="deleteMultipleProducts" time="0.017"/>
  <testcase classname="com.BestBUY_BDD.test.Products" name="deleteMultipleProducts" time="0.015"/>
  <testcase classname="com.BestBUY_BDD.test.Products" name="deleteMultipleProducts" time="0.016"/>
  <testcase classname="com.BestBUY_BDD.test.Products" name="deleteMultipleProducts" time="0.018"/>
  <testcase classname="com.BestBUY_BDD.test.Products" name="deleteMultipleProducts" time="0.016"/>
  <testcase classname="com.BestBUY_BDD.test.Products" name="deleteMultipleProducts" time="0.015"/>
  <testcase classname="com.BestBUY_BDD.test.Products" name="ProductsCount" time="0.221"/>
</testsuite> <!-- Product -->
