<?xml version="1.0" encoding="UTF-8"?>
<testng-results ignored="0" total="51" passed="51" failed="0" skipped="0">
  <reporter-output>
  </reporter-output>
  <suite started-at="2020-08-11T10:53:41 IST" name="Suite" finished-at="2020-08-11T10:54:00 IST" duration-ms="19399">
    <groups>
      <group name="single product">
        <method signature="Products.createProduct()[pri:0, instance:com.BestBUY_BDD.test.Products@7692d9cc]" name="createProduct" class="com.BestBUY_BDD.test.Products"/>
        <method signature="Products.getProductById()[pri:0, instance:com.BestBUY_BDD.test.Products@7692d9cc]" name="getProductById" class="com.BestBUY_BDD.test.Products"/>
        <method signature="Products.deleteProductById()[pri:0, instance:com.BestBUY_BDD.test.Products@7692d9cc]" name="deleteProductById" class="com.BestBUY_BDD.test.Products"/>
      </group> <!-- single product -->
      <group name="multiple product">
        <method signature="Products.createMultipleProducts(java.lang.String, java.lang.String, java.lang.Float, java.lang.String, java.lang.String, java.lang.String)[pri:0, instance:com.BestBUY_BDD.test.Products@7692d9cc]" name="createMultipleProducts" class="com.BestBUY_BDD.test.Products"/>
      </group> <!-- multiple product -->
    </groups>
    <test started-at="2020-08-11T10:53:41 IST" name="Product" finished-at="2020-08-11T10:54:00 IST" duration-ms="19399">
      <class name="com.BestBUY_BDD.test.Products">
        <test-method is-config="true" signature="setUp()[pri:0, instance:com.BestBUY_BDD.test.Products@7692d9cc]" started-at="2020-08-11T10:53:41 IST" name="setUp" finished-at="2020-08-11T10:53:41 IST" duration-ms="3" status="PASS">
          <reporter-output>
          </reporter-output>
        </test-method> <!-- setUp -->
        <test-method signature="ProductCategory(java.lang.String, java.lang.String)[pri:0, instance:com.BestBUY_BDD.test.Products@7692d9cc]" started-at="2020-08-11T10:53:41 IST" name="ProductCategory" data-provider="category" finished-at="2020-08-11T10:53:43 IST" duration-ms="1877" status="PASS">
          <params>
            <param index="0">
              <value>
                <![CDATA[Housewares]]>
              </value>
            </param>
            <param index="1">
              <value>
                <![CDATA[903]]>
              </value>
            </param>
          </params>
          <reporter-output>
          </reporter-output>
        </test-method> <!-- ProductCategory -->
        <test-method signature="ProductCategory(java.lang.String, java.lang.String)[pri:0, instance:com.BestBUY_BDD.test.Products@7692d9cc]" started-at="2020-08-11T10:53:43 IST" name="ProductCategory" data-provider="category" finished-at="2020-08-11T10:53:43 IST" duration-ms="252" status="PASS">
          <params>
            <param index="0">
              <value>
                <![CDATA[Household Batteries]]>
              </value>
            </param>
            <param index="1">
              <value>
                <![CDATA[206]]>
              </value>
            </param>
          </params>
          <reporter-output>
          </reporter-output>
        </test-method> <!-- ProductCategory -->
        <test-method is-config="true" signature="setUp()[pri:0, instance:com.BestBUY_BDD.test.Products@7692d9cc]" started-at="2020-08-11T10:53:43 IST" name="setUp" finished-at="2020-08-11T10:53:43 IST" duration-ms="0" status="PASS">
          <reporter-output>
          </reporter-output>
        </test-method> <!-- setUp -->
        <test-method is-config="true" signature="setUp()[pri:0, instance:com.BestBUY_BDD.test.Products@7692d9cc]" started-at="2020-08-11T10:53:43 IST" name="setUp" finished-at="2020-08-11T10:53:43 IST" duration-ms="1" status="PASS">
          <reporter-output>
          </reporter-output>
        </test-method> <!-- setUp -->
        <test-method signature="ProductCategory(java.lang.String, java.lang.String)[pri:0, instance:com.BestBUY_BDD.test.Products@7692d9cc]" started-at="2020-08-11T10:53:43 IST" name="ProductCategory" data-provider="category" finished-at="2020-08-11T10:53:43 IST" duration-ms="269" status="PASS">
          <params>
            <param index="0">
              <value>
                <![CDATA[Connected Home & Housewares]]>
              </value>
            </param>
            <param index="1">
              <value>
                <![CDATA[4978]]>
              </value>
            </param>
          </params>
          <reporter-output>
          </reporter-output>
        </test-method> <!-- ProductCategory -->
        <test-method signature="ProductCategory(java.lang.String, java.lang.String)[pri:0, instance:com.BestBUY_BDD.test.Products@7692d9cc]" started-at="2020-08-11T10:53:43 IST" name="ProductCategory" data-provider="category" finished-at="2020-08-11T10:53:43 IST" duration-ms="253" status="PASS">
          <params>
            <param index="0">
              <value>
                <![CDATA[4K Ultra HD TVs]]>
              </value>
            </param>
            <param index="1">
              <value>
                <![CDATA[119]]>
              </value>
            </param>
          </params>
          <reporter-output>
          </reporter-output>
        </test-method> <!-- ProductCategory -->
        <test-method is-config="true" signature="setUp()[pri:0, instance:com.BestBUY_BDD.test.Products@7692d9cc]" started-at="2020-08-11T10:53:43 IST" name="setUp" finished-at="2020-08-11T10:53:43 IST" duration-ms="0" status="PASS">
          <reporter-output>
          </reporter-output>
        </test-method> <!-- setUp -->
        <test-method is-config="true" signature="setUp()[pri:0, instance:com.BestBUY_BDD.test.Products@7692d9cc]" started-at="2020-08-11T10:53:43 IST" name="setUp" finished-at="2020-08-11T10:53:43 IST" duration-ms="1" status="PASS">
          <reporter-output>
          </reporter-output>
        </test-method> <!-- setUp -->
        <test-method signature="ProductCategory(java.lang.String, java.lang.String)[pri:0, instance:com.BestBUY_BDD.test.Products@7692d9cc]" started-at="2020-08-11T10:53:43 IST" name="ProductCategory" data-provider="category" finished-at="2020-08-11T10:53:44 IST" duration-ms="250" status="PASS">
          <params>
            <param index="0">
              <value>
                <![CDATA[TVs]]>
              </value>
            </param>
            <param index="1">
              <value>
                <![CDATA[229]]>
              </value>
            </param>
          </params>
          <reporter-output>
          </reporter-output>
        </test-method> <!-- ProductCategory -->
        <test-method signature="ProductCategory(java.lang.String, java.lang.String)[pri:0, instance:com.BestBUY_BDD.test.Products@7692d9cc]" started-at="2020-08-11T10:53:44 IST" name="ProductCategory" data-provider="category" finished-at="2020-08-11T10:53:44 IST" duration-ms="244" status="PASS">
          <params>
            <param index="0">
              <value>
                <![CDATA[TV & Home Theater]]>
              </value>
            </param>
            <param index="1">
              <value>
                <![CDATA[2076]]>
              </value>
            </param>
          </params>
          <reporter-output>
          </reporter-output>
        </test-method> <!-- ProductCategory -->
        <test-method is-config="true" signature="setUp()[pri:0, instance:com.BestBUY_BDD.test.Products@7692d9cc]" started-at="2020-08-11T10:53:44 IST" name="setUp" finished-at="2020-08-11T10:53:44 IST" duration-ms="0" status="PASS">
          <reporter-output>
          </reporter-output>
        </test-method> <!-- setUp -->
        <test-method signature="ProductCategory(java.lang.String, java.lang.String)[pri:0, instance:com.BestBUY_BDD.test.Products@7692d9cc]" started-at="2020-08-11T10:53:44 IST" name="ProductCategory" data-provider="category" finished-at="2020-08-11T10:53:44 IST" duration-ms="226" status="PASS">
          <params>
            <param index="0">
              <value>
                <![CDATA[Alkaline Batteries]]>
              </value>
            </param>
            <param index="1">
              <value>
                <![CDATA[81]]>
              </value>
            </param>
          </params>
          <reporter-output>
          </reporter-output>
        </test-method> <!-- ProductCategory -->
        <test-method is-config="true" signature="setUp()[pri:0, instance:com.BestBUY_BDD.test.Products@7692d9cc]" started-at="2020-08-11T10:53:44 IST" name="setUp" finished-at="2020-08-11T10:53:44 IST" duration-ms="0" status="PASS">
          <reporter-output>
          </reporter-output>
        </test-method> <!-- setUp -->
        <test-method is-config="true" signature="setUp()[pri:0, instance:com.BestBUY_BDD.test.Products@7692d9cc]" started-at="2020-08-11T10:53:44 IST" name="setUp" finished-at="2020-08-11T10:53:44 IST" duration-ms="0" status="PASS">
          <reporter-output>
          </reporter-output>
        </test-method> <!-- setUp -->
        <test-method signature="ProductCategory(java.lang.String, java.lang.String)[pri:0, instance:com.BestBUY_BDD.test.Products@7692d9cc]" started-at="2020-08-11T10:53:44 IST" name="ProductCategory" data-provider="category" finished-at="2020-08-11T10:53:44 IST" duration-ms="269" status="PASS">
          <params>
            <param index="0">
              <value>
                <![CDATA[Car Electronics & GPS]]>
              </value>
            </param>
            <param index="1">
              <value>
                <![CDATA[2646]]>
              </value>
            </param>
          </params>
          <reporter-output>
          </reporter-output>
        </test-method> <!-- ProductCategory -->
        <test-method is-config="true" signature="setUp()[pri:0, instance:com.BestBUY_BDD.test.Products@7692d9cc]" started-at="2020-08-11T10:53:44 IST" name="setUp" finished-at="2020-08-11T10:53:44 IST" duration-ms="1" status="PASS">
          <reporter-output>
          </reporter-output>
        </test-method> <!-- setUp -->
        <test-method signature="ProductCategory(java.lang.String, java.lang.String)[pri:0, instance:com.BestBUY_BDD.test.Products@7692d9cc]" started-at="2020-08-11T10:53:44 IST" name="ProductCategory" data-provider="category" finished-at="2020-08-11T10:53:45 IST" duration-ms="234" status="PASS">
          <params>
            <param index="0">
              <value>
                <![CDATA[Car Audio]]>
              </value>
            </param>
            <param index="1">
              <value>
                <![CDATA[623]]>
              </value>
            </param>
          </params>
          <reporter-output>
          </reporter-output>
        </test-method> <!-- ProductCategory -->
        <test-method signature="ProductCategory(java.lang.String, java.lang.String)[pri:0, instance:com.BestBUY_BDD.test.Products@7692d9cc]" started-at="2020-08-11T10:53:45 IST" name="ProductCategory" data-provider="category" finished-at="2020-08-11T10:53:45 IST" duration-ms="230" status="PASS">
          <params>
            <param index="0">
              <value>
                <![CDATA[Car Speakers]]>
              </value>
            </param>
            <param index="1">
              <value>
                <![CDATA[144]]>
              </value>
            </param>
          </params>
          <reporter-output>
          </reporter-output>
        </test-method> <!-- ProductCategory -->
        <test-method is-config="true" signature="setUp()[pri:0, instance:com.BestBUY_BDD.test.Products@7692d9cc]" started-at="2020-08-11T10:53:45 IST" name="setUp" finished-at="2020-08-11T10:53:45 IST" duration-ms="0" status="PASS">
          <reporter-output>
          </reporter-output>
        </test-method> <!-- setUp -->
        <test-method is-config="true" signature="setUp()[pri:0, instance:com.BestBUY_BDD.test.Products@7692d9cc]" started-at="2020-08-11T10:53:45 IST" name="setUp" finished-at="2020-08-11T10:53:45 IST" duration-ms="0" status="PASS">
          <reporter-output>
          </reporter-output>
        </test-method> <!-- setUp -->
        <test-method signature="ProductCategory(java.lang.String, java.lang.String)[pri:0, instance:com.BestBUY_BDD.test.Products@7692d9cc]" started-at="2020-08-11T10:53:45 IST" name="ProductCategory" data-provider="category" finished-at="2020-08-11T10:53:45 IST" duration-ms="234" status="PASS">
          <params>
            <param index="0">
              <value>
                <![CDATA[Specialty Batteries]]>
              </value>
            </param>
            <param index="1">
              <value>
                <![CDATA[55]]>
              </value>
            </param>
          </params>
          <reporter-output>
          </reporter-output>
        </test-method> <!-- ProductCategory -->
        <test-method is-config="true" signature="setUp()[pri:0, instance:com.BestBUY_BDD.test.Products@7692d9cc]" started-at="2020-08-11T10:53:45 IST" name="setUp" finished-at="2020-08-11T10:53:45 IST" duration-ms="1" status="PASS">
          <reporter-output>
          </reporter-output>
        </test-method> <!-- setUp -->
        <test-method signature="ProductCategoryFilter(java.lang.String, java.lang.String, java.lang.String, java.lang.String)[pri:0, instance:com.BestBUY_BDD.test.Products@7692d9cc]" started-at="2020-08-11T10:53:45 IST" name="ProductCategoryFilter" data-provider="filter" finished-at="2020-08-11T10:53:45 IST" duration-ms="254" status="PASS">
          <params>
            <param index="0">
              <value>
                <![CDATA[Housewares]]>
              </value>
            </param>
            <param index="1">
              <value>
                <![CDATA[800]]>
              </value>
            </param>
            <param index="2">
              <value>
                <![CDATA[500]]>
              </value>
            </param>
            <param index="3">
              <value>
                <![CDATA[79]]>
              </value>
            </param>
          </params>
          <reporter-output>
          </reporter-output>
        </test-method> <!-- ProductCategoryFilter -->
        <test-method is-config="true" signature="setUp()[pri:0, instance:com.BestBUY_BDD.test.Products@7692d9cc]" started-at="2020-08-11T10:53:45 IST" name="setUp" finished-at="2020-08-11T10:53:45 IST" duration-ms="0" status="PASS">
          <reporter-output>
          </reporter-output>
        </test-method> <!-- setUp -->
        <test-method signature="ProductCategoryFilter(java.lang.String, java.lang.String, java.lang.String, java.lang.String)[pri:0, instance:com.BestBUY_BDD.test.Products@7692d9cc]" started-at="2020-08-11T10:53:45 IST" name="ProductCategoryFilter" data-provider="filter" finished-at="2020-08-11T10:53:46 IST" duration-ms="228" status="PASS">
          <params>
            <param index="0">
              <value>
                <![CDATA[Household Batteries]]>
              </value>
            </param>
            <param index="1">
              <value>
                <![CDATA[800]]>
              </value>
            </param>
            <param index="2">
              <value>
                <![CDATA[200]]>
              </value>
            </param>
            <param index="3">
              <value>
                <![CDATA[1]]>
              </value>
            </param>
          </params>
          <reporter-output>
          </reporter-output>
        </test-method> <!-- ProductCategoryFilter -->
        <test-method signature="ProductCategoryFilter(java.lang.String, java.lang.String, java.lang.String, java.lang.String)[pri:0, instance:com.BestBUY_BDD.test.Products@7692d9cc]" started-at="2020-08-11T10:53:46 IST" name="ProductCategoryFilter" data-provider="filter" finished-at="2020-08-11T10:53:46 IST" duration-ms="239" status="PASS">
          <params>
            <param index="0">
              <value>
                <![CDATA[Connected Home & Housewares]]>
              </value>
            </param>
            <param index="1">
              <value>
                <![CDATA[800]]>
              </value>
            </param>
            <param index="2">
              <value>
                <![CDATA[500]]>
              </value>
            </param>
            <param index="3">
              <value>
                <![CDATA[163]]>
              </value>
            </param>
          </params>
          <reporter-output>
          </reporter-output>
        </test-method> <!-- ProductCategoryFilter -->
        <test-method is-config="true" signature="setUp()[pri:0, instance:com.BestBUY_BDD.test.Products@7692d9cc]" started-at="2020-08-11T10:53:46 IST" name="setUp" finished-at="2020-08-11T10:53:46 IST" duration-ms="0" status="PASS">
          <reporter-output>
          </reporter-output>
        </test-method> <!-- setUp -->
        <test-method is-config="true" signature="setUp()[pri:0, instance:com.BestBUY_BDD.test.Products@7692d9cc]" started-at="2020-08-11T10:53:46 IST" name="setUp" finished-at="2020-08-11T10:53:46 IST" duration-ms="0" status="PASS">
          <reporter-output>
          </reporter-output>
        </test-method> <!-- setUp -->
        <test-method signature="ProductCategoryFilter(java.lang.String, java.lang.String, java.lang.String, java.lang.String)[pri:0, instance:com.BestBUY_BDD.test.Products@7692d9cc]" started-at="2020-08-11T10:53:46 IST" name="ProductCategoryFilter" data-provider="filter" finished-at="2020-08-11T10:53:46 IST" duration-ms="225" status="PASS">
          <params>
            <param index="0">
              <value>
                <![CDATA[4K Ultra HD TVs]]>
              </value>
            </param>
            <param index="1">
              <value>
                <![CDATA[800]]>
              </value>
            </param>
            <param index="2">
              <value>
                <![CDATA[500]]>
              </value>
            </param>
            <param index="3">
              <value>
                <![CDATA[20]]>
              </value>
            </param>
          </params>
          <reporter-output>
          </reporter-output>
        </test-method> <!-- ProductCategoryFilter -->
        <test-method is-config="true" signature="setUp()[pri:0, instance:com.BestBUY_BDD.test.Products@7692d9cc]" started-at="2020-08-11T10:53:46 IST" name="setUp" finished-at="2020-08-11T10:53:46 IST" duration-ms="1" status="PASS">
          <reporter-output>
          </reporter-output>
        </test-method> <!-- setUp -->
        <test-method signature="ProductCategoryFilter(java.lang.String, java.lang.String, java.lang.String, java.lang.String)[pri:0, instance:com.BestBUY_BDD.test.Products@7692d9cc]" started-at="2020-08-11T10:53:46 IST" name="ProductCategoryFilter" data-provider="filter" finished-at="2020-08-11T10:53:46 IST" duration-ms="242" status="PASS">
          <params>
            <param index="0">
              <value>
                <![CDATA[TVs]]>
              </value>
            </param>
            <param index="1">
              <value>
                <![CDATA[800]]>
              </value>
            </param>
            <param index="2">
              <value>
                <![CDATA[500]]>
              </value>
            </param>
            <param index="3">
              <value>
                <![CDATA[29]]>
              </value>
            </param>
          </params>
          <reporter-output>
          </reporter-output>
        </test-method> <!-- ProductCategoryFilter -->
        <test-method is-config="true" signature="setUp()[pri:0, instance:com.BestBUY_BDD.test.Products@7692d9cc]" started-at="2020-08-11T10:53:46 IST" name="setUp" finished-at="2020-08-11T10:53:46 IST" duration-ms="0" status="PASS">
          <reporter-output>
          </reporter-output>
        </test-method> <!-- setUp -->
        <test-method signature="ProductCategoryFilter(java.lang.String, java.lang.String, java.lang.String, java.lang.String)[pri:0, instance:com.BestBUY_BDD.test.Products@7692d9cc]" started-at="2020-08-11T10:53:46 IST" name="ProductCategoryFilter" data-provider="filter" finished-at="2020-08-11T10:53:46 IST" duration-ms="242" status="PASS">
          <params>
            <param index="0">
              <value>
                <![CDATA[TV & Home Theater]]>
              </value>
            </param>
            <param index="1">
              <value>
                <![CDATA[800]]>
              </value>
            </param>
            <param index="2">
              <value>
                <![CDATA[500]]>
              </value>
            </param>
            <param index="3">
              <value>
                <![CDATA[157]]>
              </value>
            </param>
          </params>
          <reporter-output>
          </reporter-output>
        </test-method> <!-- ProductCategoryFilter -->
        <test-method signature="ProductCategoryFilter(java.lang.String, java.lang.String, java.lang.String, java.lang.String)[pri:0, instance:com.BestBUY_BDD.test.Products@7692d9cc]" started-at="2020-08-11T10:53:46 IST" name="ProductCategoryFilter" data-provider="filter" finished-at="2020-08-11T10:53:47 IST" duration-ms="230" status="PASS">
          <params>
            <param index="0">
              <value>
                <![CDATA[Alkaline Batteries]]>
              </value>
            </param>
            <param index="1">
              <value>
                <![CDATA[10]]>
              </value>
            </param>
            <param index="2">
              <value>
                <![CDATA[5]]>
              </value>
            </param>
            <param index="3">
              <value>
                <![CDATA[30]]>
              </value>
            </param>
          </params>
          <reporter-output>
          </reporter-output>
        </test-method> <!-- ProductCategoryFilter -->
        <test-method is-config="true" signature="setUp()[pri:0, instance:com.BestBUY_BDD.test.Products@7692d9cc]" started-at="2020-08-11T10:53:46 IST" name="setUp" finished-at="2020-08-11T10:53:46 IST" duration-ms="0" status="PASS">
          <reporter-output>
          </reporter-output>
        </test-method> <!-- setUp -->
        <test-method is-config="true" signature="setUp()[pri:0, instance:com.BestBUY_BDD.test.Products@7692d9cc]" started-at="2020-08-11T10:53:47 IST" name="setUp" finished-at="2020-08-11T10:53:47 IST" duration-ms="0" status="PASS">
          <reporter-output>
          </reporter-output>
        </test-method> <!-- setUp -->
        <test-method signature="ProductCategoryFilter(java.lang.String, java.lang.String, java.lang.String, java.lang.String)[pri:0, instance:com.BestBUY_BDD.test.Products@7692d9cc]" started-at="2020-08-11T10:53:47 IST" name="ProductCategoryFilter" data-provider="filter" finished-at="2020-08-11T10:53:47 IST" duration-ms="236" status="PASS">
          <params>
            <param index="0">
              <value>
                <![CDATA[Car Electronics & GPS]]>
              </value>
            </param>
            <param index="1">
              <value>
                <![CDATA[800]]>
              </value>
            </param>
            <param index="2">
              <value>
                <![CDATA[500]]>
              </value>
            </param>
            <param index="3">
              <value>
                <![CDATA[55]]>
              </value>
            </param>
          </params>
          <reporter-output>
          </reporter-output>
        </test-method> <!-- ProductCategoryFilter -->
        <test-method is-config="true" signature="setUp()[pri:0, instance:com.BestBUY_BDD.test.Products@7692d9cc]" started-at="2020-08-11T10:53:47 IST" name="setUp" finished-at="2020-08-11T10:53:47 IST" duration-ms="2" status="PASS">
          <reporter-output>
          </reporter-output>
        </test-method> <!-- setUp -->
        <test-method signature="ProductCategoryFilter(java.lang.String, java.lang.String, java.lang.String, java.lang.String)[pri:0, instance:com.BestBUY_BDD.test.Products@7692d9cc]" started-at="2020-08-11T10:53:47 IST" name="ProductCategoryFilter" data-provider="filter" finished-at="2020-08-11T10:53:47 IST" duration-ms="254" status="PASS">
          <params>
            <param index="0">
              <value>
                <![CDATA[Car Audio]]>
              </value>
            </param>
            <param index="1">
              <value>
                <![CDATA[800]]>
              </value>
            </param>
            <param index="2">
              <value>
                <![CDATA[500]]>
              </value>
            </param>
            <param index="3">
              <value>
                <![CDATA[21]]>
              </value>
            </param>
          </params>
          <reporter-output>
          </reporter-output>
        </test-method> <!-- ProductCategoryFilter -->
        <test-method is-config="true" signature="setUp()[pri:0, instance:com.BestBUY_BDD.test.Products@7692d9cc]" started-at="2020-08-11T10:53:47 IST" name="setUp" finished-at="2020-08-11T10:53:47 IST" duration-ms="0" status="PASS">
          <reporter-output>
          </reporter-output>
        </test-method> <!-- setUp -->
        <test-method signature="ProductCategoryFilter(java.lang.String, java.lang.String, java.lang.String, java.lang.String)[pri:0, instance:com.BestBUY_BDD.test.Products@7692d9cc]" started-at="2020-08-11T10:53:47 IST" name="ProductCategoryFilter" data-provider="filter" finished-at="2020-08-11T10:53:47 IST" duration-ms="228" status="PASS">
          <params>
            <param index="0">
              <value>
                <![CDATA[Car Speakers]]>
              </value>
            </param>
            <param index="1">
              <value>
                <![CDATA[800]]>
              </value>
            </param>
            <param index="2">
              <value>
                <![CDATA[500]]>
              </value>
            </param>
            <param index="3">
              <value>
                <![CDATA[1]]>
              </value>
            </param>
          </params>
          <reporter-output>
          </reporter-output>
        </test-method> <!-- ProductCategoryFilter -->
        <test-method is-config="true" signature="setUp()[pri:0, instance:com.BestBUY_BDD.test.Products@7692d9cc]" started-at="2020-08-11T10:53:47 IST" name="setUp" finished-at="2020-08-11T10:53:47 IST" duration-ms="0" status="PASS">
          <reporter-output>
          </reporter-output>
        </test-method> <!-- setUp -->
        <test-method signature="ProductCategoryFilter(java.lang.String, java.lang.String, java.lang.String, java.lang.String)[pri:0, instance:com.BestBUY_BDD.test.Products@7692d9cc]" started-at="2020-08-11T10:53:47 IST" name="ProductCategoryFilter" data-provider="filter" finished-at="2020-08-11T10:53:48 IST" duration-ms="227" status="PASS">
          <params>
            <param index="0">
              <value>
                <![CDATA[Specialty Batteries]]>
              </value>
            </param>
            <param index="1">
              <value>
                <![CDATA[10]]>
              </value>
            </param>
            <param index="2">
              <value>
                <![CDATA[5]]>
              </value>
            </param>
            <param index="3">
              <value>
                <![CDATA[17]]>
              </value>
            </param>
          </params>
          <reporter-output>
          </reporter-output>
        </test-method> <!-- ProductCategoryFilter -->
        <test-method is-config="true" signature="setUp()[pri:0, instance:com.BestBUY_BDD.test.Products@7692d9cc]" started-at="2020-08-11T10:53:48 IST" name="setUp" finished-at="2020-08-11T10:53:48 IST" duration-ms="0" status="PASS">
          <reporter-output>
          </reporter-output>
        </test-method> <!-- setUp -->
        <test-method signature="ProductCategoryFilter(java.lang.String, java.lang.String, java.lang.String, java.lang.String)[pri:0, instance:com.BestBUY_BDD.test.Products@7692d9cc]" started-at="2020-08-11T10:53:48 IST" name="ProductCategoryFilter" data-provider="filter" finished-at="2020-08-11T10:53:48 IST" duration-ms="247" status="PASS">
          <params>
            <param index="0">
              <value>
                <![CDATA[Housewares]]>
              </value>
            </param>
            <param index="1">
              <value>
                <![CDATA[700]]>
              </value>
            </param>
            <param index="2">
              <value>
                <![CDATA[600]]>
              </value>
            </param>
            <param index="3">
              <value>
                <![CDATA[27]]>
              </value>
            </param>
          </params>
          <reporter-output>
          </reporter-output>
        </test-method> <!-- ProductCategoryFilter -->
        <test-method is-config="true" signature="setUp()[pri:0, instance:com.BestBUY_BDD.test.Products@7692d9cc]" started-at="2020-08-11T10:53:48 IST" name="setUp" finished-at="2020-08-11T10:53:48 IST" duration-ms="1" status="PASS">
          <reporter-output>
          </reporter-output>
        </test-method> <!-- setUp -->
        <test-method signature="ProductCategoryFilter(java.lang.String, java.lang.String, java.lang.String, java.lang.String)[pri:0, instance:com.BestBUY_BDD.test.Products@7692d9cc]" started-at="2020-08-11T10:53:48 IST" name="ProductCategoryFilter" data-provider="filter" finished-at="2020-08-11T10:53:48 IST" duration-ms="220" status="PASS">
          <params>
            <param index="0">
              <value>
                <![CDATA[Household Batteries]]>
              </value>
            </param>
            <param index="1">
              <value>
                <![CDATA[10]]>
              </value>
            </param>
            <param index="2">
              <value>
                <![CDATA[5]]>
              </value>
            </param>
            <param index="3">
              <value>
                <![CDATA[66]]>
              </value>
            </param>
          </params>
          <reporter-output>
          </reporter-output>
        </test-method> <!-- ProductCategoryFilter -->
        <test-method signature="ProductCategoryFilter(java.lang.String, java.lang.String, java.lang.String, java.lang.String)[pri:0, instance:com.BestBUY_BDD.test.Products@7692d9cc]" started-at="2020-08-11T10:53:48 IST" name="ProductCategoryFilter" data-provider="filter" finished-at="2020-08-11T10:53:48 IST" duration-ms="248" status="PASS">
          <params>
            <param index="0">
              <value>
                <![CDATA[Connected Home & Housewares]]>
              </value>
            </param>
            <param index="1">
              <value>
                <![CDATA[700]]>
              </value>
            </param>
            <param index="2">
              <value>
                <![CDATA[600]]>
              </value>
            </param>
            <param index="3">
              <value>
                <![CDATA[52]]>
              </value>
            </param>
          </params>
          <reporter-output>
          </reporter-output>
        </test-method> <!-- ProductCategoryFilter -->
        <test-method is-config="true" signature="setUp()[pri:0, instance:com.BestBUY_BDD.test.Products@7692d9cc]" started-at="2020-08-11T10:53:48 IST" name="setUp" finished-at="2020-08-11T10:53:48 IST" duration-ms="0" status="PASS">
          <reporter-output>
          </reporter-output>
        </test-method> <!-- setUp -->
        <test-method signature="ProductCategoryFilter(java.lang.String, java.lang.String, java.lang.String, java.lang.String)[pri:0, instance:com.BestBUY_BDD.test.Products@7692d9cc]" started-at="2020-08-11T10:53:48 IST" name="ProductCategoryFilter" data-provider="filter" finished-at="2020-08-11T10:53:49 IST" duration-ms="242" status="PASS">
          <params>
            <param index="0">
              <value>
                <![CDATA[4K Ultra HD TVs]]>
              </value>
            </param>
            <param index="1">
              <value>
                <![CDATA[700]]>
              </value>
            </param>
            <param index="2">
              <value>
                <![CDATA[600]]>
              </value>
            </param>
            <param index="3">
              <value>
                <![CDATA[4]]>
              </value>
            </param>
          </params>
          <reporter-output>
          </reporter-output>
        </test-method> <!-- ProductCategoryFilter -->
        <test-method is-config="true" signature="setUp()[pri:0, instance:com.BestBUY_BDD.test.Products@7692d9cc]" started-at="2020-08-11T10:53:48 IST" name="setUp" finished-at="2020-08-11T10:53:48 IST" duration-ms="0" status="PASS">
          <reporter-output>
          </reporter-output>
        </test-method> <!-- setUp -->
        <test-method is-config="true" signature="setUp()[pri:0, instance:com.BestBUY_BDD.test.Products@7692d9cc]" started-at="2020-08-11T10:53:49 IST" name="setUp" finished-at="2020-08-11T10:53:49 IST" duration-ms="1" status="PASS">
          <reporter-output>
          </reporter-output>
        </test-method> <!-- setUp -->
        <test-method signature="ProductCategoryFilter(java.lang.String, java.lang.String, java.lang.String, java.lang.String)[pri:0, instance:com.BestBUY_BDD.test.Products@7692d9cc]" started-at="2020-08-11T10:53:49 IST" name="ProductCategoryFilter" data-provider="filter" finished-at="2020-08-11T10:53:49 IST" duration-ms="224" status="PASS">
          <params>
            <param index="0">
              <value>
                <![CDATA[TVs]]>
              </value>
            </param>
            <param index="1">
              <value>
                <![CDATA[700]]>
              </value>
            </param>
            <param index="2">
              <value>
                <![CDATA[600]]>
              </value>
            </param>
            <param index="3">
              <value>
                <![CDATA[6]]>
              </value>
            </param>
          </params>
          <reporter-output>
          </reporter-output>
        </test-method> <!-- ProductCategoryFilter -->
        <test-method signature="ProductCategoryFilter(java.lang.String, java.lang.String, java.lang.String, java.lang.String)[pri:0, instance:com.BestBUY_BDD.test.Products@7692d9cc]" started-at="2020-08-11T10:53:49 IST" name="ProductCategoryFilter" data-provider="filter" finished-at="2020-08-11T10:53:49 IST" duration-ms="244" status="PASS">
          <params>
            <param index="0">
              <value>
                <![CDATA[TV & Home Theater]]>
              </value>
            </param>
            <param index="1">
              <value>
                <![CDATA[700]]>
              </value>
            </param>
            <param index="2">
              <value>
                <![CDATA[600]]>
              </value>
            </param>
            <param index="3">
              <value>
                <![CDATA[48]]>
              </value>
            </param>
          </params>
          <reporter-output>
          </reporter-output>
        </test-method> <!-- ProductCategoryFilter -->
        <test-method is-config="true" signature="setUp()[pri:0, instance:com.BestBUY_BDD.test.Products@7692d9cc]" started-at="2020-08-11T10:53:49 IST" name="setUp" finished-at="2020-08-11T10:53:49 IST" duration-ms="0" status="PASS">
          <reporter-output>
          </reporter-output>
        </test-method> <!-- setUp -->
        <test-method is-config="true" signature="setUp()[pri:0, instance:com.BestBUY_BDD.test.Products@7692d9cc]" started-at="2020-08-11T10:53:49 IST" name="setUp" finished-at="2020-08-11T10:53:49 IST" duration-ms="0" status="PASS">
          <reporter-output>
          </reporter-output>
        </test-method> <!-- setUp -->
        <test-method signature="ProductCategoryFilter(java.lang.String, java.lang.String, java.lang.String, java.lang.String)[pri:0, instance:com.BestBUY_BDD.test.Products@7692d9cc]" started-at="2020-08-11T10:53:49 IST" name="ProductCategoryFilter" data-provider="filter" finished-at="2020-08-11T10:53:49 IST" duration-ms="220" status="PASS">
          <params>
            <param index="0">
              <value>
                <![CDATA[Alkaline Batteries]]>
              </value>
            </param>
            <param index="1">
              <value>
                <![CDATA[10]]>
              </value>
            </param>
            <param index="2">
              <value>
                <![CDATA[5]]>
              </value>
            </param>
            <param index="3">
              <value>
                <![CDATA[30]]>
              </value>
            </param>
          </params>
          <reporter-output>
          </reporter-output>
        </test-method> <!-- ProductCategoryFilter -->
        <test-method signature="ProductCategoryFilter(java.lang.String, java.lang.String, java.lang.String, java.lang.String)[pri:0, instance:com.BestBUY_BDD.test.Products@7692d9cc]" started-at="2020-08-11T10:53:49 IST" name="ProductCategoryFilter" data-provider="filter" finished-at="2020-08-11T10:53:50 IST" duration-ms="232" status="PASS">
          <params>
            <param index="0">
              <value>
                <![CDATA[Car Electronics & GPS]]>
              </value>
            </param>
            <param index="1">
              <value>
                <![CDATA[700]]>
              </value>
            </param>
            <param index="2">
              <value>
                <![CDATA[600]]>
              </value>
            </param>
            <param index="3">
              <value>
                <![CDATA[19]]>
              </value>
            </param>
          </params>
          <reporter-output>
          </reporter-output>
        </test-method> <!-- ProductCategoryFilter -->
        <test-method is-config="true" signature="setUp()[pri:0, instance:com.BestBUY_BDD.test.Products@7692d9cc]" started-at="2020-08-11T10:53:49 IST" name="setUp" finished-at="2020-08-11T10:53:49 IST" duration-ms="0" status="PASS">
          <reporter-output>
          </reporter-output>
        </test-method> <!-- setUp -->
        <test-method is-config="true" signature="setUp()[pri:0, instance:com.BestBUY_BDD.test.Products@7692d9cc]" started-at="2020-08-11T10:53:50 IST" name="setUp" finished-at="2020-08-11T10:53:50 IST" duration-ms="0" status="PASS">
          <reporter-output>
          </reporter-output>
        </test-method> <!-- setUp -->
        <test-method signature="ProductCategoryFilter(java.lang.String, java.lang.String, java.lang.String, java.lang.String)[pri:0, instance:com.BestBUY_BDD.test.Products@7692d9cc]" started-at="2020-08-11T10:53:50 IST" name="ProductCategoryFilter" data-provider="filter" finished-at="2020-08-11T10:53:50 IST" duration-ms="219" status="PASS">
          <params>
            <param index="0">
              <value>
                <![CDATA[Car Audio]]>
              </value>
            </param>
            <param index="1">
              <value>
                <![CDATA[700]]>
              </value>
            </param>
            <param index="2">
              <value>
                <![CDATA[600]]>
              </value>
            </param>
            <param index="3">
              <value>
                <![CDATA[9]]>
              </value>
            </param>
          </params>
          <reporter-output>
          </reporter-output>
        </test-method> <!-- ProductCategoryFilter -->
        <test-method is-config="true" signature="setUp()[pri:0, instance:com.BestBUY_BDD.test.Products@7692d9cc]" started-at="2020-08-11T10:53:50 IST" name="setUp" finished-at="2020-08-11T10:53:50 IST" duration-ms="1" status="PASS">
          <reporter-output>
          </reporter-output>
        </test-method> <!-- setUp -->
        <test-method signature="ProductCategoryFilter(java.lang.String, java.lang.String, java.lang.String, java.lang.String)[pri:0, instance:com.BestBUY_BDD.test.Products@7692d9cc]" started-at="2020-08-11T10:53:50 IST" name="ProductCategoryFilter" data-provider="filter" finished-at="2020-08-11T10:53:50 IST" duration-ms="213" status="PASS">
          <params>
            <param index="0">
              <value>
                <![CDATA[Car Speakers]]>
              </value>
            </param>
            <param index="1">
              <value>
                <![CDATA[700]]>
              </value>
            </param>
            <param index="2">
              <value>
                <![CDATA[600]]>
              </value>
            </param>
            <param index="3">
              <value>
                <![CDATA[1]]>
              </value>
            </param>
          </params>
          <reporter-output>
          </reporter-output>
        </test-method> <!-- ProductCategoryFilter -->
        <test-method signature="ProductCategoryFilter(java.lang.String, java.lang.String, java.lang.String, java.lang.String)[pri:0, instance:com.BestBUY_BDD.test.Products@7692d9cc]" started-at="2020-08-11T10:53:50 IST" name="ProductCategoryFilter" data-provider="filter" finished-at="2020-08-11T10:53:50 IST" duration-ms="218" status="PASS">
          <params>
            <param index="0">
              <value>
                <![CDATA[Specialty Batteries]]>
              </value>
            </param>
            <param index="1">
              <value>
                <![CDATA[20]]>
              </value>
            </param>
            <param index="2">
              <value>
                <![CDATA[10]]>
              </value>
            </param>
            <param index="3">
              <value>
                <![CDATA[8]]>
              </value>
            </param>
          </params>
          <reporter-output>
          </reporter-output>
        </test-method> <!-- ProductCategoryFilter -->
        <test-method is-config="true" signature="setUp()[pri:0, instance:com.BestBUY_BDD.test.Products@7692d9cc]" started-at="2020-08-11T10:53:50 IST" name="setUp" finished-at="2020-08-11T10:53:50 IST" duration-ms="0" status="PASS">
          <reporter-output>
          </reporter-output>
        </test-method> <!-- setUp -->
        <test-method is-config="true" signature="setUp()[pri:0, instance:com.BestBUY_BDD.test.Products@7692d9cc]" started-at="2020-08-11T10:53:50 IST" name="setUp" finished-at="2020-08-11T10:53:50 IST" duration-ms="0" status="PASS">
          <reporter-output>
          </reporter-output>
        </test-method> <!-- setUp -->
        <test-method signature="ProductNameAndDescription()[pri:0, instance:com.BestBUY_BDD.test.Products@7692d9cc]" started-at="2020-08-11T10:53:50 IST" name="ProductNameAndDescription" finished-at="2020-08-11T10:53:51 IST" duration-ms="418" status="PASS">
          <reporter-output>
          </reporter-output>
        </test-method> <!-- ProductNameAndDescription -->
        <test-method is-config="true" signature="setUp()[pri:0, instance:com.BestBUY_BDD.test.Products@7692d9cc]" started-at="2020-08-11T10:53:51 IST" name="setUp" finished-at="2020-08-11T10:53:51 IST" duration-ms="1" status="PASS">
          <reporter-output>
          </reporter-output>
        </test-method> <!-- setUp -->
        <test-method signature="SortProductByPrice(java.lang.String, java.lang.Float)[pri:0, instance:com.BestBUY_BDD.test.Products@7692d9cc]" started-at="2020-08-11T10:53:51 IST" name="SortProductByPrice" data-provider="sort" finished-at="2020-08-11T10:53:51 IST" duration-ms="210" status="PASS">
          <params>
            <param index="0">
              <value>
                <![CDATA[-1]]>
              </value>
            </param>
            <param index="1">
              <value>
                <![CDATA[27999.98]]>
              </value>
            </param>
          </params>
          <reporter-output>
          </reporter-output>
        </test-method> <!-- SortProductByPrice -->
        <test-method signature="SortProductByPrice(java.lang.String, java.lang.Float)[pri:0, instance:com.BestBUY_BDD.test.Products@7692d9cc]" started-at="2020-08-11T10:53:51 IST" name="SortProductByPrice" data-provider="sort" finished-at="2020-08-11T10:53:51 IST" duration-ms="189" status="PASS">
          <params>
            <param index="0">
              <value>
                <![CDATA[1]]>
              </value>
            </param>
            <param index="1">
              <value>
                <![CDATA[0.01]]>
              </value>
            </param>
          </params>
          <reporter-output>
          </reporter-output>
        </test-method> <!-- SortProductByPrice -->
        <test-method is-config="true" signature="setUp()[pri:0, instance:com.BestBUY_BDD.test.Products@7692d9cc]" started-at="2020-08-11T10:53:51 IST" name="setUp" finished-at="2020-08-11T10:53:51 IST" duration-ms="0" status="PASS">
          <reporter-output>
          </reporter-output>
        </test-method> <!-- setUp -->
        <test-method is-config="true" signature="setUp()[pri:0, instance:com.BestBUY_BDD.test.Products@7692d9cc]" started-at="2020-08-11T10:53:51 IST" name="setUp" finished-at="2020-08-11T10:53:51 IST" duration-ms="0" status="PASS">
          <reporter-output>
          </reporter-output>
        </test-method> <!-- setUp -->
        <test-method signature="createProduct()[pri:0, instance:com.BestBUY_BDD.test.Products@7692d9cc]" started-at="2020-08-11T10:53:51 IST" name="createProduct" finished-at="2020-08-11T10:53:51 IST" duration-ms="128" status="PASS">
          <reporter-output>
          </reporter-output>
        </test-method> <!-- createProduct -->
        <test-method signature="getProductById()[pri:0, instance:com.BestBUY_BDD.test.Products@7692d9cc]" started-at="2020-08-11T10:53:51 IST" name="getProductById" finished-at="2020-08-11T10:53:51 IST" depends-on-methods="com.BestBUY_BDD.test.Products.createProduct" duration-ms="51" status="PASS">
          <reporter-output>
          </reporter-output>
        </test-method> <!-- getProductById -->
        <test-method is-config="true" signature="setUp()[pri:0, instance:com.BestBUY_BDD.test.Products@7692d9cc]" started-at="2020-08-11T10:53:51 IST" name="setUp" finished-at="2020-08-11T10:53:51 IST" duration-ms="0" status="PASS">
          <reporter-output>
          </reporter-output>
        </test-method> <!-- setUp -->
        <test-method signature="deleteProductById()[pri:0, instance:com.BestBUY_BDD.test.Products@7692d9cc]" started-at="2020-08-11T10:53:51 IST" name="deleteProductById" finished-at="2020-08-11T10:53:51 IST" depends-on-methods="com.BestBUY_BDD.test.Products.getProductById" duration-ms="16" status="PASS">
          <reporter-output>
          </reporter-output>
        </test-method> <!-- deleteProductById -->
        <test-method is-config="true" signature="setUp()[pri:0, instance:com.BestBUY_BDD.test.Products@7692d9cc]" started-at="2020-08-11T10:53:51 IST" name="setUp" finished-at="2020-08-11T10:53:51 IST" duration-ms="0" status="PASS">
          <reporter-output>
          </reporter-output>
        </test-method> <!-- setUp -->
        <test-method is-config="true" signature="setUp()[pri:0, instance:com.BestBUY_BDD.test.Products@7692d9cc]" started-at="2020-08-11T10:53:51 IST" name="setUp" finished-at="2020-08-11T10:53:51 IST" duration-ms="0" status="PASS">
          <reporter-output>
          </reporter-output>
        </test-method> <!-- setUp -->
        <test-method signature="createMultipleProducts(java.lang.String, java.lang.String, java.lang.Float, java.lang.String, java.lang.String, java.lang.String)[pri:0, instance:com.BestBUY_BDD.test.Products@7692d9cc]" started-at="2020-08-11T10:53:51 IST" name="createMultipleProducts" data-provider="product" depends-on-groups="single product" finished-at="2020-08-11T10:53:51 IST" duration-ms="122" status="PASS">
          <params>
            <param index="0">
              <value>
                <![CDATA[Prod1]]>
              </value>
            </param>
            <param index="1">
              <value>
                <![CDATA[type1]]>
              </value>
            </param>
            <param index="2">
              <value>
                <![CDATA[123.12]]>
              </value>
            </param>
            <param index="3">
              <value>
                <![CDATA[model1]]>
              </value>
            </param>
            <param index="4">
              <value>
                <![CDATA[upc1]]>
              </value>
            </param>
            <param index="5">
              <value>
                <![CDATA[desc1]]>
              </value>
            </param>
          </params>
          <reporter-output>
          </reporter-output>
        </test-method> <!-- createMultipleProducts -->
        <test-method is-config="true" signature="setUp()[pri:0, instance:com.BestBUY_BDD.test.Products@7692d9cc]" started-at="2020-08-11T10:53:51 IST" name="setUp" finished-at="2020-08-11T10:53:51 IST" duration-ms="0" status="PASS">
          <reporter-output>
          </reporter-output>
        </test-method> <!-- setUp -->
        <test-method signature="createMultipleProducts(java.lang.String, java.lang.String, java.lang.Float, java.lang.String, java.lang.String, java.lang.String)[pri:0, instance:com.BestBUY_BDD.test.Products@7692d9cc]" started-at="2020-08-11T10:53:51 IST" name="createMultipleProducts" data-provider="product" depends-on-groups="single product" finished-at="2020-08-11T10:53:51 IST" duration-ms="113" status="PASS">
          <params>
            <param index="0">
              <value>
                <![CDATA[Prod2]]>
              </value>
            </param>
            <param index="1">
              <value>
                <![CDATA[type2]]>
              </value>
            </param>
            <param index="2">
              <value>
                <![CDATA[12.12]]>
              </value>
            </param>
            <param index="3">
              <value>
                <![CDATA[model2]]>
              </value>
            </param>
            <param index="4">
              <value>
                <![CDATA[upc2]]>
              </value>
            </param>
            <param index="5">
              <value>
                <![CDATA[desc2]]>
              </value>
            </param>
          </params>
          <reporter-output>
          </reporter-output>
        </test-method> <!-- createMultipleProducts -->
        <test-method signature="createMultipleProducts(java.lang.String, java.lang.String, java.lang.Float, java.lang.String, java.lang.String, java.lang.String)[pri:0, instance:com.BestBUY_BDD.test.Products@7692d9cc]" started-at="2020-08-11T10:53:51 IST" name="createMultipleProducts" data-provider="product" depends-on-groups="single product" finished-at="2020-08-11T10:53:52 IST" duration-ms="107" status="PASS">
          <params>
            <param index="0">
              <value>
                <![CDATA[Prod3]]>
              </value>
            </param>
            <param index="1">
              <value>
                <![CDATA[type3]]>
              </value>
            </param>
            <param index="2">
              <value>
                <![CDATA[125.12]]>
              </value>
            </param>
            <param index="3">
              <value>
                <![CDATA[model3]]>
              </value>
            </param>
            <param index="4">
              <value>
                <![CDATA[upc3]]>
              </value>
            </param>
            <param index="5">
              <value>
                <![CDATA[desc3]]>
              </value>
            </param>
          </params>
          <reporter-output>
          </reporter-output>
        </test-method> <!-- createMultipleProducts -->
        <test-method is-config="true" signature="setUp()[pri:0, instance:com.BestBUY_BDD.test.Products@7692d9cc]" started-at="2020-08-11T10:53:51 IST" name="setUp" finished-at="2020-08-11T10:53:51 IST" duration-ms="0" status="PASS">
          <reporter-output>
          </reporter-output>
        </test-method> <!-- setUp -->
        <test-method is-config="true" signature="setUp()[pri:0, instance:com.BestBUY_BDD.test.Products@7692d9cc]" started-at="2020-08-11T10:53:52 IST" name="setUp" finished-at="2020-08-11T10:53:52 IST" duration-ms="1" status="PASS">
          <reporter-output>
          </reporter-output>
        </test-method> <!-- setUp -->
        <test-method signature="createMultipleProducts(java.lang.String, java.lang.String, java.lang.Float, java.lang.String, java.lang.String, java.lang.String)[pri:0, instance:com.BestBUY_BDD.test.Products@7692d9cc]" started-at="2020-08-11T10:53:52 IST" name="createMultipleProducts" data-provider="product" depends-on-groups="single product" finished-at="2020-08-11T10:53:52 IST" duration-ms="118" status="PASS">
          <params>
            <param index="0">
              <value>
                <![CDATA[Prod4]]>
              </value>
            </param>
            <param index="1">
              <value>
                <![CDATA[type4]]>
              </value>
            </param>
            <param index="2">
              <value>
                <![CDATA[126.12]]>
              </value>
            </param>
            <param index="3">
              <value>
                <![CDATA[model4]]>
              </value>
            </param>
            <param index="4">
              <value>
                <![CDATA[upc4]]>
              </value>
            </param>
            <param index="5">
              <value>
                <![CDATA[desc4]]>
              </value>
            </param>
          </params>
          <reporter-output>
          </reporter-output>
        </test-method> <!-- createMultipleProducts -->
        <test-method is-config="true" signature="setUp()[pri:0, instance:com.BestBUY_BDD.test.Products@7692d9cc]" started-at="2020-08-11T10:53:52 IST" name="setUp" finished-at="2020-08-11T10:53:52 IST" duration-ms="1" status="PASS">
          <reporter-output>
          </reporter-output>
        </test-method> <!-- setUp -->
        <test-method signature="createMultipleProducts(java.lang.String, java.lang.String, java.lang.Float, java.lang.String, java.lang.String, java.lang.String)[pri:0, instance:com.BestBUY_BDD.test.Products@7692d9cc]" started-at="2020-08-11T10:53:52 IST" name="createMultipleProducts" data-provider="product" depends-on-groups="single product" finished-at="2020-08-11T10:53:52 IST" duration-ms="118" status="PASS">
          <params>
            <param index="0">
              <value>
                <![CDATA[Prod5]]>
              </value>
            </param>
            <param index="1">
              <value>
                <![CDATA[type5]]>
              </value>
            </param>
            <param index="2">
              <value>
                <![CDATA[127.12]]>
              </value>
            </param>
            <param index="3">
              <value>
                <![CDATA[model5]]>
              </value>
            </param>
            <param index="4">
              <value>
                <![CDATA[upc5]]>
              </value>
            </param>
            <param index="5">
              <value>
                <![CDATA[desc5]]>
              </value>
            </param>
          </params>
          <reporter-output>
          </reporter-output>
        </test-method> <!-- createMultipleProducts -->
        <test-method signature="createMultipleProducts(java.lang.String, java.lang.String, java.lang.Float, java.lang.String, java.lang.String, java.lang.String)[pri:0, instance:com.BestBUY_BDD.test.Products@7692d9cc]" started-at="2020-08-11T10:53:52 IST" name="createMultipleProducts" data-provider="product" depends-on-groups="single product" finished-at="2020-08-11T10:53:52 IST" duration-ms="114" status="PASS">
          <params>
            <param index="0">
              <value>
                <![CDATA[Prod6]]>
              </value>
            </param>
            <param index="1">
              <value>
                <![CDATA[type6]]>
              </value>
            </param>
            <param index="2">
              <value>
                <![CDATA[128.12]]>
              </value>
            </param>
            <param index="3">
              <value>
                <![CDATA[model6]]>
              </value>
            </param>
            <param index="4">
              <value>
                <![CDATA[upc6]]>
              </value>
            </param>
            <param index="5">
              <value>
                <![CDATA[desc6]]>
              </value>
            </param>
          </params>
          <reporter-output>
          </reporter-output>
        </test-method> <!-- createMultipleProducts -->
        <test-method is-config="true" signature="setUp()[pri:0, instance:com.BestBUY_BDD.test.Products@7692d9cc]" started-at="2020-08-11T10:53:52 IST" name="setUp" finished-at="2020-08-11T10:53:52 IST" duration-ms="0" status="PASS">
          <reporter-output>
          </reporter-output>
        </test-method> <!-- setUp -->
        <test-method is-config="true" signature="setUp()[pri:0, instance:com.BestBUY_BDD.test.Products@7692d9cc]" started-at="2020-08-11T10:53:52 IST" name="setUp" finished-at="2020-08-11T10:53:52 IST" duration-ms="0" status="PASS">
          <reporter-output>
          </reporter-output>
        </test-method> <!-- setUp -->
        <test-method signature="createMultipleProducts(java.lang.String, java.lang.String, java.lang.Float, java.lang.String, java.lang.String, java.lang.String)[pri:0, instance:com.BestBUY_BDD.test.Products@7692d9cc]" started-at="2020-08-11T10:53:52 IST" name="createMultipleProducts" data-provider="product" depends-on-groups="single product" finished-at="2020-08-11T10:53:52 IST" duration-ms="140" status="PASS">
          <params>
            <param index="0">
              <value>
                <![CDATA[Prod7]]>
              </value>
            </param>
            <param index="1">
              <value>
                <![CDATA[type7]]>
              </value>
            </param>
            <param index="2">
              <value>
                <![CDATA[129.12]]>
              </value>
            </param>
            <param index="3">
              <value>
                <![CDATA[model7]]>
              </value>
            </param>
            <param index="4">
              <value>
                <![CDATA[upc7]]>
              </value>
            </param>
            <param index="5">
              <value>
                <![CDATA[desc7]]>
              </value>
            </param>
          </params>
          <reporter-output>
          </reporter-output>
        </test-method> <!-- createMultipleProducts -->
        <test-method signature="createMultipleProducts(java.lang.String, java.lang.String, java.lang.Float, java.lang.String, java.lang.String, java.lang.String)[pri:0, instance:com.BestBUY_BDD.test.Products@7692d9cc]" started-at="2020-08-11T10:53:52 IST" name="createMultipleProducts" data-provider="product" depends-on-groups="single product" finished-at="2020-08-11T10:53:52 IST" duration-ms="114" status="PASS">
          <params>
            <param index="0">
              <value>
                <![CDATA[Prod8]]>
              </value>
            </param>
            <param index="1">
              <value>
                <![CDATA[type8]]>
              </value>
            </param>
            <param index="2">
              <value>
                <![CDATA[121.12]]>
              </value>
            </param>
            <param index="3">
              <value>
                <![CDATA[model8]]>
              </value>
            </param>
            <param index="4">
              <value>
                <![CDATA[upc8]]>
              </value>
            </param>
            <param index="5">
              <value>
                <![CDATA[desc8]]>
              </value>
            </param>
          </params>
          <reporter-output>
          </reporter-output>
        </test-method> <!-- createMultipleProducts -->
        <test-method is-config="true" signature="setUp()[pri:0, instance:com.BestBUY_BDD.test.Products@7692d9cc]" started-at="2020-08-11T10:53:52 IST" name="setUp" finished-at="2020-08-11T10:53:52 IST" duration-ms="0" status="PASS">
          <reporter-output>
          </reporter-output>
        </test-method> <!-- setUp -->
        <test-method is-config="true" signature="setUp()[pri:0, instance:com.BestBUY_BDD.test.Products@7692d9cc]" started-at="2020-08-11T10:53:52 IST" name="setUp" finished-at="2020-08-11T10:53:52 IST" duration-ms="0" status="PASS">
          <reporter-output>
          </reporter-output>
        </test-method> <!-- setUp -->
        <test-method signature="createMultipleProducts(java.lang.String, java.lang.String, java.lang.Float, java.lang.String, java.lang.String, java.lang.String)[pri:0, instance:com.BestBUY_BDD.test.Products@7692d9cc]" started-at="2020-08-11T10:53:52 IST" name="createMultipleProducts" data-provider="product" depends-on-groups="single product" finished-at="2020-08-11T10:53:52 IST" duration-ms="121" status="PASS">
          <params>
            <param index="0">
              <value>
                <![CDATA[Prod9]]>
              </value>
            </param>
            <param index="1">
              <value>
                <![CDATA[type9]]>
              </value>
            </param>
            <param index="2">
              <value>
                <![CDATA[121.12]]>
              </value>
            </param>
            <param index="3">
              <value>
                <![CDATA[model9]]>
              </value>
            </param>
            <param index="4">
              <value>
                <![CDATA[upc9]]>
              </value>
            </param>
            <param index="5">
              <value>
                <![CDATA[desc9]]>
              </value>
            </param>
          </params>
          <reporter-output>
          </reporter-output>
        </test-method> <!-- createMultipleProducts -->
        <test-method is-config="true" signature="setUp()[pri:0, instance:com.BestBUY_BDD.test.Products@7692d9cc]" started-at="2020-08-11T10:53:52 IST" name="setUp" finished-at="2020-08-11T10:53:52 IST" duration-ms="1" status="PASS">
          <reporter-output>
          </reporter-output>
        </test-method> <!-- setUp -->
        <test-method signature="createMultipleProducts(java.lang.String, java.lang.String, java.lang.Float, java.lang.String, java.lang.String, java.lang.String)[pri:0, instance:com.BestBUY_BDD.test.Products@7692d9cc]" started-at="2020-08-11T10:53:52 IST" name="createMultipleProducts" data-provider="product" depends-on-groups="single product" finished-at="2020-08-11T10:53:52 IST" duration-ms="117" status="PASS">
          <params>
            <param index="0">
              <value>
                <![CDATA[Prod10]]>
              </value>
            </param>
            <param index="1">
              <value>
                <![CDATA[type10]]>
              </value>
            </param>
            <param index="2">
              <value>
                <![CDATA[12.12]]>
              </value>
            </param>
            <param index="3">
              <value>
                <![CDATA[model10]]>
              </value>
            </param>
            <param index="4">
              <value>
                <![CDATA[upc10]]>
              </value>
            </param>
            <param index="5">
              <value>
                <![CDATA[desc10]]>
              </value>
            </param>
          </params>
          <reporter-output>
          </reporter-output>
        </test-method> <!-- createMultipleProducts -->
        <test-method signature="createMultipleProducts(java.lang.String, java.lang.String, java.lang.Float, java.lang.String, java.lang.String, java.lang.String)[pri:0, instance:com.BestBUY_BDD.test.Products@7692d9cc]" started-at="2020-08-11T10:53:52 IST" name="createMultipleProducts" data-provider="product" depends-on-groups="single product" finished-at="2020-08-11T10:53:53 IST" duration-ms="125" status="PASS">
          <params>
            <param index="0">
              <value>
                <![CDATA[Prod11]]>
              </value>
            </param>
            <param index="1">
              <value>
                <![CDATA[type11]]>
              </value>
            </param>
            <param index="2">
              <value>
                <![CDATA[121.12]]>
              </value>
            </param>
            <param index="3">
              <value>
                <![CDATA[model11]]>
              </value>
            </param>
            <param index="4">
              <value>
                <![CDATA[upc11]]>
              </value>
            </param>
            <param index="5">
              <value>
                <![CDATA[desc11]]>
              </value>
            </param>
          </params>
          <reporter-output>
          </reporter-output>
        </test-method> <!-- createMultipleProducts -->
        <test-method is-config="true" signature="setUp()[pri:0, instance:com.BestBUY_BDD.test.Products@7692d9cc]" started-at="2020-08-11T10:53:52 IST" name="setUp" finished-at="2020-08-11T10:53:52 IST" duration-ms="0" status="PASS">
          <reporter-output>
          </reporter-output>
        </test-method> <!-- setUp -->
        <test-method is-config="true" signature="setUp()[pri:0, instance:com.BestBUY_BDD.test.Products@7692d9cc]" started-at="2020-08-11T10:53:53 IST" name="setUp" finished-at="2020-08-11T10:53:53 IST" duration-ms="0" status="PASS">
          <reporter-output>
          </reporter-output>
        </test-method> <!-- setUp -->
        <test-method signature="ProductsCount()[pri:0, instance:com.BestBUY_BDD.test.Products@7692d9cc]" started-at="2020-08-11T10:53:53 IST" name="ProductsCount" depends-on-groups="single product, multiple product" finished-at="2020-08-11T10:53:53 IST" duration-ms="178" status="PASS">
          <reporter-output>
          </reporter-output>
        </test-method> <!-- ProductsCount -->
        <test-method is-config="true" signature="sendMail()[pri:0, instance:com.BestBUY_BDD.test.Products@7692d9cc]" started-at="2020-08-11T10:53:53 IST" name="sendMail" finished-at="2020-08-11T10:54:00 IST" duration-ms="7356" status="PASS">
          <reporter-output>
          </reporter-output>
        </test-method> <!-- sendMail -->
      </class> <!-- com.BestBUY_BDD.test.Products -->
    </test> <!-- Product -->
  </suite> <!-- Suite -->
</testng-results>
