<?xml version="1.0" encoding="UTF-8"?>
<testsuite xmlns:xsi="http://www.w3.org/2001/XMLSchema-instance" xsi:noNamespaceSchemaLocation="https://maven.apache.org/surefire/maven-surefire-plugin/xsd/surefire-test-report-3.0.xsd" version="3.0" name="TestSuite" time="13.34" tests="85" errors="0" skipped="0" failures="0">
  <properties>
[...]
</properties>
  <testcase name="ProductCategory[Housewares, 903](1)" classname="com.BestBUY_BDD.test.Products" time="1.734">
    <system-out><![CDATA[20:52:36.070 [main] INFO  com.BestBUY_BDD.test.Products - -------------------PRODUCTS TEST STARTED EXECUTION------------------
20:52:36.073 [main] INFO  com.BestBUY_BDD.test.Products - Test Configuration Started
20:52:36.073 [main] INFO  com.BestBUY_BDD.test.Products - URL Configured: http://localhost:3030/
20:52:36.073 [main] INFO  com.BestBUY_BDD.test.Products - Service URL configured: products
20:52:36.073 [main] INFO  com.BestBUY_BDD.test.Products - System has configured the following application endpoint: http://localhost:3030/products
20:52:36.074 [main] INFO  com.BestBUY_BDD.test.Products - Test Configuration Completed Successfully
20:52:36.090 [main] INFO  com.BestBUY_BDD.test.Products - Get Product Category and Quantity Tescase started
20:52:36.091 [main] INFO  com.BestBUY_BDD.test.Products - Test case to get Product Category and Quantity
20:52:37.821 [main] INFO  com.BestBUY_BDD.test.Products - Product Category: Housewares Verified with Quantity: 903
20:52:37.822 [main] INFO  com.BestBUY_BDD.test.Products - Get Product Category and Quantity Completed
]]></system-out>
  </testcase>
  <testcase name="ProductCategory[Household Batteries, 206](2)" classname="com.BestBUY_BDD.test.Products" time="0.235">
    <system-out><![CDATA[20:52:37.824 [main] INFO  com.BestBUY_BDD.test.Products - Get Product Category and Quantity Tescase started
20:52:37.824 [main] INFO  com.BestBUY_BDD.test.Products - Test case to get Product Category and Quantity
20:52:38.061 [main] INFO  com.BestBUY_BDD.test.Products - Product Category: Household Batteries Verified with Quantity: 206
20:52:38.061 [main] INFO  com.BestBUY_BDD.test.Products - Get Product Category and Quantity Completed
]]></system-out>
  </testcase>
  <testcase name="ProductCategory[Connected Home &amp; Housewares, 4978](3)" classname="com.BestBUY_BDD.test.Products" time="0.249">
    <system-out><![CDATA[20:52:38.061 [main] INFO  com.BestBUY_BDD.test.Products - Get Product Category and Quantity Tescase started
20:52:38.062 [main] INFO  com.BestBUY_BDD.test.Products - Test case to get Product Category and Quantity
20:52:38.309 [main] INFO  com.BestBUY_BDD.test.Products - Product Category: Connected Home & Housewares Verified with Quantity: 4978
20:52:38.310 [main] INFO  com.BestBUY_BDD.test.Products - Get Product Category and Quantity Completed
]]></system-out>
  </testcase>
  <testcase name="ProductCategory[4K Ultra HD TVs, 119](4)" classname="com.BestBUY_BDD.test.Products" time="0.233">
    <system-out><![CDATA[20:52:38.310 [main] INFO  com.BestBUY_BDD.test.Products - Get Product Category and Quantity Tescase started
20:52:38.310 [main] INFO  com.BestBUY_BDD.test.Products - Test case to get Product Category and Quantity
20:52:38.543 [main] INFO  com.BestBUY_BDD.test.Products - Product Category: 4K Ultra HD TVs Verified with Quantity: 119
20:52:38.543 [main] INFO  com.BestBUY_BDD.test.Products - Get Product Category and Quantity Completed
]]></system-out>
  </testcase>
  <testcase name="ProductCategory[TVs, 229](5)" classname="com.BestBUY_BDD.test.Products" time="0.234">
    <system-out><![CDATA[20:52:38.543 [main] INFO  com.BestBUY_BDD.test.Products - Get Product Category and Quantity Tescase started
20:52:38.544 [main] INFO  com.BestBUY_BDD.test.Products - Test case to get Product Category and Quantity
20:52:38.777 [main] INFO  com.BestBUY_BDD.test.Products - Product Category: TVs Verified with Quantity: 229
20:52:38.777 [main] INFO  com.BestBUY_BDD.test.Products - Get Product Category and Quantity Completed
]]></system-out>
  </testcase>
  <testcase name="ProductCategory[TV &amp; Home Theater, 2076](6)" classname="com.BestBUY_BDD.test.Products" time="0.235">
    <system-out><![CDATA[20:52:38.777 [main] INFO  com.BestBUY_BDD.test.Products - Get Product Category and Quantity Tescase started
20:52:38.778 [main] INFO  com.BestBUY_BDD.test.Products - Test case to get Product Category and Quantity
20:52:39.012 [main] INFO  com.BestBUY_BDD.test.Products - Product Category: TV & Home Theater Verified with Quantity: 2076
20:52:39.012 [main] INFO  com.BestBUY_BDD.test.Products - Get Product Category and Quantity Completed
]]></system-out>
  </testcase>
  <testcase name="ProductCategory[Alkaline Batteries, 81](7)" classname="com.BestBUY_BDD.test.Products" time="0.218">
    <system-out><![CDATA[20:52:39.012 [main] INFO  com.BestBUY_BDD.test.Products - Get Product Category and Quantity Tescase started
20:52:39.012 [main] INFO  com.BestBUY_BDD.test.Products - Test case to get Product Category and Quantity
20:52:39.230 [main] INFO  com.BestBUY_BDD.test.Products - Product Category: Alkaline Batteries Verified with Quantity: 81
20:52:39.230 [main] INFO  com.BestBUY_BDD.test.Products - Get Product Category and Quantity Completed
]]></system-out>
  </testcase>
  <testcase name="ProductCategory[Car Electronics &amp; GPS, 2646](8)" classname="com.BestBUY_BDD.test.Products" time="0.24">
    <system-out><![CDATA[20:52:39.231 [main] INFO  com.BestBUY_BDD.test.Products - Get Product Category and Quantity Tescase started
20:52:39.231 [main] INFO  com.BestBUY_BDD.test.Products - Test case to get Product Category and Quantity
20:52:39.471 [main] INFO  com.BestBUY_BDD.test.Products - Product Category: Car Electronics & GPS Verified with Quantity: 2646
20:52:39.471 [main] INFO  com.BestBUY_BDD.test.Products - Get Product Category and Quantity Completed
]]></system-out>
  </testcase>
  <testcase name="ProductCategory[Car Audio, 623](9)" classname="com.BestBUY_BDD.test.Products" time="0.226">
    <system-out><![CDATA[20:52:39.471 [main] INFO  com.BestBUY_BDD.test.Products - Get Product Category and Quantity Tescase started
20:52:39.471 [main] INFO  com.BestBUY_BDD.test.Products - Test case to get Product Category and Quantity
20:52:39.696 [main] INFO  com.BestBUY_BDD.test.Products - Product Category: Car Audio Verified with Quantity: 623
20:52:39.696 [main] INFO  com.BestBUY_BDD.test.Products - Get Product Category and Quantity Completed
]]></system-out>
  </testcase>
  <testcase name="ProductCategory[Car Speakers, 144](10)" classname="com.BestBUY_BDD.test.Products" time="0.214">
    <system-out><![CDATA[20:52:39.697 [main] INFO  com.BestBUY_BDD.test.Products - Get Product Category and Quantity Tescase started
20:52:39.697 [main] INFO  com.BestBUY_BDD.test.Products - Test case to get Product Category and Quantity
20:52:39.910 [main] INFO  com.BestBUY_BDD.test.Products - Product Category: Car Speakers Verified with Quantity: 144
20:52:39.910 [main] INFO  com.BestBUY_BDD.test.Products - Get Product Category and Quantity Completed
]]></system-out>
  </testcase>
  <testcase name="ProductCategory[Specialty Batteries, 55](11)" classname="com.BestBUY_BDD.test.Products" time="0.213">
    <system-out><![CDATA[20:52:39.911 [main] INFO  com.BestBUY_BDD.test.Products - Get Product Category and Quantity Tescase started
20:52:39.911 [main] INFO  com.BestBUY_BDD.test.Products - Test case to get Product Category and Quantity
20:52:40.123 [main] INFO  com.BestBUY_BDD.test.Products - Product Category: Specialty Batteries Verified with Quantity: 55
20:52:40.123 [main] INFO  com.BestBUY_BDD.test.Products - Get Product Category and Quantity Completed
]]></system-out>
  </testcase>
  <testcase name="ProductCategoryFilter[Housewares, 800, 500, 79](1)" classname="com.BestBUY_BDD.test.Products" time="0.252">
    <system-out><![CDATA[20:52:40.124 [main] INFO  com.BestBUY_BDD.test.Products - Get Filtered Product Category and Quantity Tescase started
20:52:40.124 [main] INFO  com.BestBUY_BDD.test.Products - Test case to get filtered Product Category and Quantity
20:52:40.375 [main] INFO  com.BestBUY_BDD.test.Products - Product Category: Housewares Fitered with less than: 800 and greater than: 500 has Quantity: 79
20:52:40.375 [main] INFO  com.BestBUY_BDD.test.Products - Get filtered Product Category and Quantity Completed
]]></system-out>
  </testcase>
  <testcase name="ProductCategoryFilter[Household Batteries, 800, 200, 1](2)" classname="com.BestBUY_BDD.test.Products" time="0.214">
    <system-out><![CDATA[20:52:40.375 [main] INFO  com.BestBUY_BDD.test.Products - Get Filtered Product Category and Quantity Tescase started
20:52:40.375 [main] INFO  com.BestBUY_BDD.test.Products - Test case to get filtered Product Category and Quantity
20:52:40.589 [main] INFO  com.BestBUY_BDD.test.Products - Product Category: Household Batteries Fitered with less than: 800 and greater than: 200 has Quantity: 1
20:52:40.589 [main] INFO  com.BestBUY_BDD.test.Products - Get filtered Product Category and Quantity Completed
]]></system-out>
  </testcase>
  <testcase name="ProductCategoryFilter[Connected Home &amp; Housewares, 800, 500, 163](3)" classname="com.BestBUY_BDD.test.Products" time="0.24">
    <system-out><![CDATA[20:52:40.589 [main] INFO  com.BestBUY_BDD.test.Products - Get Filtered Product Category and Quantity Tescase started
20:52:40.589 [main] INFO  com.BestBUY_BDD.test.Products - Test case to get filtered Product Category and Quantity
20:52:40.829 [main] INFO  com.BestBUY_BDD.test.Products - Product Category: Connected Home & Housewares Fitered with less than: 800 and greater than: 500 has Quantity: 163
20:52:40.829 [main] INFO  com.BestBUY_BDD.test.Products - Get filtered Product Category and Quantity Completed
]]></system-out>
  </testcase>
  <testcase name="ProductCategoryFilter[4K Ultra HD TVs, 800, 500, 20](4)" classname="com.BestBUY_BDD.test.Products" time="0.218">
    <system-out><![CDATA[20:52:40.829 [main] INFO  com.BestBUY_BDD.test.Products - Get Filtered Product Category and Quantity Tescase started
20:52:40.829 [main] INFO  com.BestBUY_BDD.test.Products - Test case to get filtered Product Category and Quantity
20:52:41.047 [main] INFO  com.BestBUY_BDD.test.Products - Product Category: 4K Ultra HD TVs Fitered with less than: 800 and greater than: 500 has Quantity: 20
20:52:41.047 [main] INFO  com.BestBUY_BDD.test.Products - Get filtered Product Category and Quantity Completed
]]></system-out>
  </testcase>
  <testcase name="ProductCategoryFilter[TVs, 800, 500, 29](5)" classname="com.BestBUY_BDD.test.Products" time="0.233">
    <system-out><![CDATA[20:52:41.048 [main] INFO  com.BestBUY_BDD.test.Products - Get Filtered Product Category and Quantity Tescase started
20:52:41.048 [main] INFO  com.BestBUY_BDD.test.Products - Test case to get filtered Product Category and Quantity
20:52:41.280 [main] INFO  com.BestBUY_BDD.test.Products - Product Category: TVs Fitered with less than: 800 and greater than: 500 has Quantity: 29
20:52:41.280 [main] INFO  com.BestBUY_BDD.test.Products - Get filtered Product Category and Quantity Completed
]]></system-out>
  </testcase>
  <testcase name="ProductCategoryFilter[TV &amp; Home Theater, 800, 500, 157](6)" classname="com.BestBUY_BDD.test.Products" time="0.229">
    <system-out><![CDATA[20:52:41.281 [main] INFO  com.BestBUY_BDD.test.Products - Get Filtered Product Category and Quantity Tescase started
20:52:41.281 [main] INFO  com.BestBUY_BDD.test.Products - Test case to get filtered Product Category and Quantity
20:52:41.509 [main] INFO  com.BestBUY_BDD.test.Products - Product Category: TV & Home Theater Fitered with less than: 800 and greater than: 500 has Quantity: 157
20:52:41.509 [main] INFO  com.BestBUY_BDD.test.Products - Get filtered Product Category and Quantity Completed
]]></system-out>
  </testcase>
  <testcase name="ProductCategoryFilter[Alkaline Batteries, 10, 5, 30](7)" classname="com.BestBUY_BDD.test.Products" time="0.216">
    <system-out><![CDATA[20:52:41.510 [main] INFO  com.BestBUY_BDD.test.Products - Get Filtered Product Category and Quantity Tescase started
20:52:41.510 [main] INFO  com.BestBUY_BDD.test.Products - Test case to get filtered Product Category and Quantity
20:52:41.726 [main] INFO  com.BestBUY_BDD.test.Products - Product Category: Alkaline Batteries Fitered with less than: 10 and greater than: 5 has Quantity: 30
20:52:41.726 [main] INFO  com.BestBUY_BDD.test.Products - Get filtered Product Category and Quantity Completed
]]></system-out>
  </testcase>
  <testcase name="ProductCategoryFilter[Car Electronics &amp; GPS, 800, 500, 55](8)" classname="com.BestBUY_BDD.test.Products" time="0.224">
    <system-out><![CDATA[20:52:41.726 [main] INFO  com.BestBUY_BDD.test.Products - Get Filtered Product Category and Quantity Tescase started
20:52:41.726 [main] INFO  com.BestBUY_BDD.test.Products - Test case to get filtered Product Category and Quantity
20:52:41.950 [main] INFO  com.BestBUY_BDD.test.Products - Product Category: Car Electronics & GPS Fitered with less than: 800 and greater than: 500 has Quantity: 55
20:52:41.950 [main] INFO  com.BestBUY_BDD.test.Products - Get filtered Product Category and Quantity Completed
]]></system-out>
  </testcase>
  <testcase name="ProductCategoryFilter[Car Audio, 800, 500, 21](9)" classname="com.BestBUY_BDD.test.Products" time="0.23">
    <system-out><![CDATA[20:52:41.950 [main] INFO  com.BestBUY_BDD.test.Products - Get Filtered Product Category and Quantity Tescase started
20:52:41.950 [main] INFO  com.BestBUY_BDD.test.Products - Test case to get filtered Product Category and Quantity
20:52:42.179 [main] INFO  com.BestBUY_BDD.test.Products - Product Category: Car Audio Fitered with less than: 800 and greater than: 500 has Quantity: 21
20:52:42.180 [main] INFO  com.BestBUY_BDD.test.Products - Get filtered Product Category and Quantity Completed
]]></system-out>
  </testcase>
  <testcase name="ProductCategoryFilter[Car Speakers, 800, 500, 1](10)" classname="com.BestBUY_BDD.test.Products" time="0.21">
    <system-out><![CDATA[20:52:42.180 [main] INFO  com.BestBUY_BDD.test.Products - Get Filtered Product Category and Quantity Tescase started
20:52:42.180 [main] INFO  com.BestBUY_BDD.test.Products - Test case to get filtered Product Category and Quantity
20:52:42.389 [main] INFO  com.BestBUY_BDD.test.Products - Product Category: Car Speakers Fitered with less than: 800 and greater than: 500 has Quantity: 1
20:52:42.389 [main] INFO  com.BestBUY_BDD.test.Products - Get filtered Product Category and Quantity Completed
]]></system-out>
  </testcase>
  <testcase name="ProductCategoryFilter[Specialty Batteries, 10, 5, 17](11)" classname="com.BestBUY_BDD.test.Products" time="0.216">
    <system-out><![CDATA[20:52:42.389 [main] INFO  com.BestBUY_BDD.test.Products - Get Filtered Product Category and Quantity Tescase started
20:52:42.390 [main] INFO  com.BestBUY_BDD.test.Products - Test case to get filtered Product Category and Quantity
20:52:42.605 [main] INFO  com.BestBUY_BDD.test.Products - Product Category: Specialty Batteries Fitered with less than: 10 and greater than: 5 has Quantity: 17
20:52:42.605 [main] INFO  com.BestBUY_BDD.test.Products - Get filtered Product Category and Quantity Completed
]]></system-out>
  </testcase>
  <testcase name="ProductCategoryFilter[Housewares, 700, 600, 27](12)" classname="com.BestBUY_BDD.test.Products" time="0.22">
    <system-out><![CDATA[20:52:42.606 [main] INFO  com.BestBUY_BDD.test.Products - Get Filtered Product Category and Quantity Tescase started
20:52:42.606 [main] INFO  com.BestBUY_BDD.test.Products - Test case to get filtered Product Category and Quantity
20:52:42.826 [main] INFO  com.BestBUY_BDD.test.Products - Product Category: Housewares Fitered with less than: 700 and greater than: 600 has Quantity: 27
20:52:42.826 [main] INFO  com.BestBUY_BDD.test.Products - Get filtered Product Category and Quantity Completed
]]></system-out>
  </testcase>
  <testcase name="ProductCategoryFilter[Household Batteries, 10, 5, 66](13)" classname="com.BestBUY_BDD.test.Products" time="0.22">
    <system-out><![CDATA[20:52:42.826 [main] INFO  com.BestBUY_BDD.test.Products - Get Filtered Product Category and Quantity Tescase started
20:52:42.826 [main] INFO  com.BestBUY_BDD.test.Products - Test case to get filtered Product Category and Quantity
20:52:43.046 [main] INFO  com.BestBUY_BDD.test.Products - Product Category: Household Batteries Fitered with less than: 10 and greater than: 5 has Quantity: 66
20:52:43.046 [main] INFO  com.BestBUY_BDD.test.Products - Get filtered Product Category and Quantity Completed
]]></system-out>
  </testcase>
  <testcase name="ProductCategoryFilter[Connected Home &amp; Housewares, 700, 600, 52](14)" classname="com.BestBUY_BDD.test.Products" time="0.254">
    <system-out><![CDATA[20:52:43.046 [main] INFO  com.BestBUY_BDD.test.Products - Get Filtered Product Category and Quantity Tescase started
20:52:43.046 [main] INFO  com.BestBUY_BDD.test.Products - Test case to get filtered Product Category and Quantity
20:52:43.299 [main] INFO  com.BestBUY_BDD.test.Products - Product Category: Connected Home & Housewares Fitered with less than: 700 and greater than: 600 has Quantity: 52
20:52:43.299 [main] INFO  com.BestBUY_BDD.test.Products - Get filtered Product Category and Quantity Completed
]]></system-out>
  </testcase>
  <testcase name="ProductCategoryFilter[4K Ultra HD TVs, 700, 600, 4](15)" classname="com.BestBUY_BDD.test.Products" time="0.217">
    <system-out><![CDATA[20:52:43.300 [main] INFO  com.BestBUY_BDD.test.Products - Get Filtered Product Category and Quantity Tescase started
20:52:43.300 [main] INFO  com.BestBUY_BDD.test.Products - Test case to get filtered Product Category and Quantity
20:52:43.516 [main] INFO  com.BestBUY_BDD.test.Products - Product Category: 4K Ultra HD TVs Fitered with less than: 700 and greater than: 600 has Quantity: 4
20:52:43.517 [main] INFO  com.BestBUY_BDD.test.Products - Get filtered Product Category and Quantity Completed
]]></system-out>
  </testcase>
  <testcase name="ProductCategoryFilter[TVs, 700, 600, 6](16)" classname="com.BestBUY_BDD.test.Products" time="0.226">
    <system-out><![CDATA[20:52:43.517 [main] INFO  com.BestBUY_BDD.test.Products - Get Filtered Product Category and Quantity Tescase started
20:52:43.517 [main] INFO  com.BestBUY_BDD.test.Products - Test case to get filtered Product Category and Quantity
20:52:43.742 [main] INFO  com.BestBUY_BDD.test.Products - Product Category: TVs Fitered with less than: 700 and greater than: 600 has Quantity: 6
20:52:43.743 [main] INFO  com.BestBUY_BDD.test.Products - Get filtered Product Category and Quantity Completed
]]></system-out>
  </testcase>
  <testcase name="ProductCategoryFilter[TV &amp; Home Theater, 700, 600, 48](17)" classname="com.BestBUY_BDD.test.Products" time="0.234">
    <system-out><![CDATA[20:52:43.743 [main] INFO  com.BestBUY_BDD.test.Products - Get Filtered Product Category and Quantity Tescase started
20:52:43.743 [main] INFO  com.BestBUY_BDD.test.Products - Test case to get filtered Product Category and Quantity
20:52:43.976 [main] INFO  com.BestBUY_BDD.test.Products - Product Category: TV & Home Theater Fitered with less than: 700 and greater than: 600 has Quantity: 48
20:52:43.976 [main] INFO  com.BestBUY_BDD.test.Products - Get filtered Product Category and Quantity Completed
]]></system-out>
  </testcase>
  <testcase name="ProductCategoryFilter[Alkaline Batteries, 10, 5, 30](18)" classname="com.BestBUY_BDD.test.Products" time="0.215">
    <system-out><![CDATA[20:52:43.976 [main] INFO  com.BestBUY_BDD.test.Products - Get Filtered Product Category and Quantity Tescase started
20:52:43.976 [main] INFO  com.BestBUY_BDD.test.Products - Test case to get filtered Product Category and Quantity
20:52:44.191 [main] INFO  com.BestBUY_BDD.test.Products - Product Category: Alkaline Batteries Fitered with less than: 10 and greater than: 5 has Quantity: 30
20:52:44.191 [main] INFO  com.BestBUY_BDD.test.Products - Get filtered Product Category and Quantity Completed
]]></system-out>
  </testcase>
  <testcase name="ProductCategoryFilter[Car Electronics &amp; GPS, 700, 600, 19](19)" classname="com.BestBUY_BDD.test.Products" time="0.226">
    <system-out><![CDATA[20:52:44.192 [main] INFO  com.BestBUY_BDD.test.Products - Get Filtered Product Category and Quantity Tescase started
20:52:44.192 [main] INFO  com.BestBUY_BDD.test.Products - Test case to get filtered Product Category and Quantity
20:52:44.418 [main] INFO  com.BestBUY_BDD.test.Products - Product Category: Car Electronics & GPS Fitered with less than: 700 and greater than: 600 has Quantity: 19
20:52:44.418 [main] INFO  com.BestBUY_BDD.test.Products - Get filtered Product Category and Quantity Completed
]]></system-out>
  </testcase>
  <testcase name="ProductCategoryFilter[Car Audio, 700, 600, 9](20)" classname="com.BestBUY_BDD.test.Products" time="0.216">
    <system-out><![CDATA[20:52:44.418 [main] INFO  com.BestBUY_BDD.test.Products - Get Filtered Product Category and Quantity Tescase started
20:52:44.418 [main] INFO  com.BestBUY_BDD.test.Products - Test case to get filtered Product Category and Quantity
20:52:44.633 [main] INFO  com.BestBUY_BDD.test.Products - Product Category: Car Audio Fitered with less than: 700 and greater than: 600 has Quantity: 9
20:52:44.633 [main] INFO  com.BestBUY_BDD.test.Products - Get filtered Product Category and Quantity Completed
]]></system-out>
  </testcase>
  <testcase name="ProductCategoryFilter[Car Speakers, 700, 600, 1](21)" classname="com.BestBUY_BDD.test.Products" time="0.216">
    <system-out><![CDATA[20:52:44.634 [main] INFO  com.BestBUY_BDD.test.Products - Get Filtered Product Category and Quantity Tescase started
20:52:44.634 [main] INFO  com.BestBUY_BDD.test.Products - Test case to get filtered Product Category and Quantity
20:52:44.849 [main] INFO  com.BestBUY_BDD.test.Products - Product Category: Car Speakers Fitered with less than: 700 and greater than: 600 has Quantity: 1
20:52:44.850 [main] INFO  com.BestBUY_BDD.test.Products - Get filtered Product Category and Quantity Completed
]]></system-out>
  </testcase>
  <testcase name="ProductCategoryFilter[Specialty Batteries, 20, 10, 8](22)" classname="com.BestBUY_BDD.test.Products" time="0.213">
    <system-out><![CDATA[20:52:44.850 [main] INFO  com.BestBUY_BDD.test.Products - Get Filtered Product Category and Quantity Tescase started
20:52:44.850 [main] INFO  com.BestBUY_BDD.test.Products - Test case to get filtered Product Category and Quantity
20:52:45.063 [main] INFO  com.BestBUY_BDD.test.Products - Product Category: Specialty Batteries Fitered with less than: 20 and greater than: 10 has Quantity: 8
20:52:45.063 [main] INFO  com.BestBUY_BDD.test.Products - Get filtered Product Category and Quantity Completed
]]></system-out>
  </testcase>
  <testcase name="ProductNameAndDescription" classname="com.BestBUY_BDD.test.Products" time="0.397">
    <system-out><![CDATA[20:52:45.063 [main] INFO  com.BestBUY_BDD.test.Products - Get Product Name and Description Tescase started
20:52:45.063 [main] INFO  com.BestBUY_BDD.test.Products - Test case to get Product Name and Description
20:52:45.459 [main] INFO  com.BestBUY_BDD.test.Products - Get Product Name and Description Verified Successfully
20:52:45.460 [main] INFO  com.BestBUY_BDD.test.Products - Get Product Name and Description Completed
]]></system-out>
  </testcase>
  <testcase name="SortProductByPrice[-1, 27999.98](1)" classname="com.BestBUY_BDD.test.Products" time="0.195">
    <system-out><![CDATA[20:52:45.460 [main] INFO  com.BestBUY_BDD.test.Products - Sort Product by Price Tescase started
20:52:45.460 [main] INFO  com.BestBUY_BDD.test.Products - Test case to sort the products by price
20:52:45.655 [main] INFO  com.BestBUY_BDD.test.Products - Sort Product by Price Verified Successfully
20:52:45.655 [main] INFO  com.BestBUY_BDD.test.Products - Sort Product by Price Tescase Completed
]]></system-out>
  </testcase>
  <testcase name="SortProductByPrice[1, 0.01](2)" classname="com.BestBUY_BDD.test.Products" time="0.196">
    <system-out><![CDATA[20:52:45.656 [main] INFO  com.BestBUY_BDD.test.Products - Sort Product by Price Tescase started
20:52:45.661 [main] INFO  com.BestBUY_BDD.test.Products - Test case to sort the products by price
20:52:45.850 [main] INFO  com.BestBUY_BDD.test.Products - Sort Product by Price Verified Successfully
20:52:45.850 [main] INFO  com.BestBUY_BDD.test.Products - Sort Product by Price Tescase Completed
]]></system-out>
  </testcase>
  <testcase name="createProduct" classname="com.BestBUY_BDD.test.Products" time="0.136">
    <system-out><![CDATA[20:52:45.851 [main] INFO  com.BestBUY_BDD.test.Products - Creating product with request json Tescase started
20:52:45.851 [main] INFO  com.BestBUY_BDD.test.Products - Test case to create product with json request
20:52:45.984 [main] INFO  com.BestBUY_BDD.test.Products - Product created with ID: 10000320
20:52:45.984 [main] INFO  com.BestBUY_BDD.test.Products - Product created with Name: New Product
20:52:45.984 [main] INFO  com.BestBUY_BDD.test.Products - Product created with Type: Hard Good
20:52:45.984 [main] INFO  com.BestBUY_BDD.test.Products - Product created with UPC: 12345676
20:52:45.984 [main] INFO  com.BestBUY_BDD.test.Products - Product created with Price: 99.99
20:52:45.984 [main] INFO  com.BestBUY_BDD.test.Products - Product created with Model: NP12345
20:52:45.984 [main] INFO  com.BestBUY_BDD.test.Products - Product created with Desc: This is a placeholder request for creating a new product.
20:52:45.984 [main] INFO  com.BestBUY_BDD.test.Products - Creating product with request json Tescase verified successfully
20:52:45.985 [main] INFO  com.BestBUY_BDD.test.Products - Creating product with request json Completed
]]></system-out>
  </testcase>
  <testcase name="getProductById" classname="com.BestBUY_BDD.test.Products" time="0.048">
    <system-out><![CDATA[20:52:45.986 [main] INFO  com.BestBUY_BDD.test.Products - Getting product by id Tescase started
20:52:45.986 [main] INFO  com.BestBUY_BDD.test.Products - Test case to get product by id
20:52:46.036 [main] INFO  com.BestBUY_BDD.test.Products - Get Product By Id verified successfully with id: 10000320
20:52:46.036 [main] INFO  com.BestBUY_BDD.test.Products - Getting product by id Tescase Completed
]]></system-out>
  </testcase>
  <testcase name="updateProduct" classname="com.BestBUY_BDD.test.Products" time="0.084">
    <system-out><![CDATA[20:52:46.036 [main] INFO  com.BestBUY_BDD.test.Products - Updating product with request json Tescase started
20:52:46.036 [main] INFO  com.BestBUY_BDD.test.Products - Test case to update product with json request
20:52:46.115 [main] INFO  com.BestBUY_BDD.test.Products - Product updated with ID: 10000320
20:52:46.115 [main] INFO  com.BestBUY_BDD.test.Products - Product updated with Name: New Product1
20:52:46.116 [main] INFO  com.BestBUY_BDD.test.Products - Product updated with Type: Hard Good1
20:52:46.116 [main] INFO  com.BestBUY_BDD.test.Products - Product updated with UPC: 12345674
20:52:46.116 [main] INFO  com.BestBUY_BDD.test.Products - Product updated with Price: 99.99
20:52:46.116 [main] INFO  com.BestBUY_BDD.test.Products - Product updated with Model: NP123451
20:52:46.116 [main] INFO  com.BestBUY_BDD.test.Products - Product updated with Desc: This is a placeholder request for creating a new product.
20:52:46.116 [main] INFO  com.BestBUY_BDD.test.Products - Updating product with request json Tescase verified successfully
20:52:46.116 [main] INFO  com.BestBUY_BDD.test.Products - Updating product with request json Completed
]]></system-out>
  </testcase>
  <testcase name="deleteProductById" classname="com.BestBUY_BDD.test.Products" time="0.018">
    <system-out><![CDATA[20:52:46.117 [main] INFO  com.BestBUY_BDD.test.Products - Deleting product by id Tescase started
20:52:46.117 [main] INFO  com.BestBUY_BDD.test.Products - Test case to Deleting product by id
20:52:46.135 [main] INFO  com.BestBUY_BDD.test.Products - Deleting Product By Id verified successfully with id: 10000320
20:52:46.136 [main] INFO  com.BestBUY_BDD.test.Products - Deleting product by id Tescase Completed
]]></system-out>
  </testcase>
  <testcase name="createMultipleProducts[Prod1, type1, 123.12, model1, upc1, desc1](1)" classname="com.BestBUY_BDD.test.Products" time="0.091">
    <system-out><![CDATA[20:52:46.137 [main] INFO  com.BestBUY_BDD.test.Products - Creating multiple products with request params Tescase started
20:52:46.137 [main] INFO  com.BestBUY_BDD.test.Products - Test case to create multiple products with request params
20:52:46.224 [main] INFO  com.BestBUY_BDD.test.Products - Product created with ID: 10000321
20:52:46.224 [main] INFO  com.BestBUY_BDD.test.Products - Product created with Name: Prod1
20:52:46.224 [main] INFO  com.BestBUY_BDD.test.Products - Product created with Type: type1
20:52:46.224 [main] INFO  com.BestBUY_BDD.test.Products - Product created with UPC: upc1
20:52:46.224 [main] INFO  com.BestBUY_BDD.test.Products - Product created with Price: 123.12
20:52:46.224 [main] INFO  com.BestBUY_BDD.test.Products - Product created with Model: model1
20:52:46.224 [main] INFO  com.BestBUY_BDD.test.Products - Product created with Desc: desc1
20:52:46.224 [main] INFO  com.BestBUY_BDD.test.Products - Creating multiple products with request params Tescase verified successfully
20:52:46.224 [main] INFO  com.BestBUY_BDD.test.Products - Creating multiple products with request params Completed
]]></system-out>
  </testcase>
  <testcase name="createMultipleProducts[Prod2, type2, 12.12, model2, upc2, desc2](2)" classname="com.BestBUY_BDD.test.Products" time="0.059">
    <system-out><![CDATA[20:52:46.225 [main] INFO  com.BestBUY_BDD.test.Products - Creating multiple products with request params Tescase started
20:52:46.225 [main] INFO  com.BestBUY_BDD.test.Products - Test case to create multiple products with request params
20:52:46.284 [main] INFO  com.BestBUY_BDD.test.Products - Product created with ID: 10000322
20:52:46.285 [main] INFO  com.BestBUY_BDD.test.Products - Product created with Name: Prod2
20:52:46.285 [main] INFO  com.BestBUY_BDD.test.Products - Product created with Type: type2
20:52:46.285 [main] INFO  com.BestBUY_BDD.test.Products - Product created with UPC: upc2
20:52:46.285 [main] INFO  com.BestBUY_BDD.test.Products - Product created with Price: 12.12
20:52:46.285 [main] INFO  com.BestBUY_BDD.test.Products - Product created with Model: model2
20:52:46.285 [main] INFO  com.BestBUY_BDD.test.Products - Product created with Desc: desc2
20:52:46.285 [main] INFO  com.BestBUY_BDD.test.Products - Creating multiple products with request params Tescase verified successfully
20:52:46.285 [main] INFO  com.BestBUY_BDD.test.Products - Creating multiple products with request params Completed
]]></system-out>
  </testcase>
  <testcase name="createMultipleProducts[Prod3, type3, 125.12, model3, upc3, desc3](3)" classname="com.BestBUY_BDD.test.Products" time="0.057">
    <system-out><![CDATA[20:52:46.285 [main] INFO  com.BestBUY_BDD.test.Products - Creating multiple products with request params Tescase started
20:52:46.285 [main] INFO  com.BestBUY_BDD.test.Products - Test case to create multiple products with request params
20:52:46.341 [main] INFO  com.BestBUY_BDD.test.Products - Product created with ID: 10000323
20:52:46.341 [main] INFO  com.BestBUY_BDD.test.Products - Product created with Name: Prod3
20:52:46.341 [main] INFO  com.BestBUY_BDD.test.Products - Product created with Type: type3
20:52:46.341 [main] INFO  com.BestBUY_BDD.test.Products - Product created with UPC: upc3
20:52:46.341 [main] INFO  com.BestBUY_BDD.test.Products - Product created with Price: 125.12
20:52:46.341 [main] INFO  com.BestBUY_BDD.test.Products - Product created with Model: model3
20:52:46.341 [main] INFO  com.BestBUY_BDD.test.Products - Product created with Desc: desc3
20:52:46.341 [main] INFO  com.BestBUY_BDD.test.Products - Creating multiple products with request params Tescase verified successfully
20:52:46.341 [main] INFO  com.BestBUY_BDD.test.Products - Creating multiple products with request params Completed
]]></system-out>
  </testcase>
  <testcase name="createMultipleProducts[Prod4, type4, 126.12, model4, upc4, desc4](4)" classname="com.BestBUY_BDD.test.Products" time="0.057">
    <system-out><![CDATA[20:52:46.342 [main] INFO  com.BestBUY_BDD.test.Products - Creating multiple products with request params Tescase started
20:52:46.342 [main] INFO  com.BestBUY_BDD.test.Products - Test case to create multiple products with request params
20:52:46.399 [main] INFO  com.BestBUY_BDD.test.Products - Product created with ID: 10000324
20:52:46.399 [main] INFO  com.BestBUY_BDD.test.Products - Product created with Name: Prod4
20:52:46.399 [main] INFO  com.BestBUY_BDD.test.Products - Product created with Type: type4
20:52:46.399 [main] INFO  com.BestBUY_BDD.test.Products - Product created with UPC: upc4
20:52:46.399 [main] INFO  com.BestBUY_BDD.test.Products - Product created with Price: 126.12
20:52:46.399 [main] INFO  com.BestBUY_BDD.test.Products - Product created with Model: model4
20:52:46.399 [main] INFO  com.BestBUY_BDD.test.Products - Product created with Desc: desc4
20:52:46.399 [main] INFO  com.BestBUY_BDD.test.Products - Creating multiple products with request params Tescase verified successfully
20:52:46.399 [main] INFO  com.BestBUY_BDD.test.Products - Creating multiple products with request params Completed
]]></system-out>
  </testcase>
  <testcase name="createMultipleProducts[Prod5, type5, 127.12, model5, upc5, desc5](5)" classname="com.BestBUY_BDD.test.Products" time="0.063">
    <system-out><![CDATA[20:52:46.400 [main] INFO  com.BestBUY_BDD.test.Products - Creating multiple products with request params Tescase started
20:52:46.400 [main] INFO  com.BestBUY_BDD.test.Products - Test case to create multiple products with request params
20:52:46.462 [main] INFO  com.BestBUY_BDD.test.Products - Product created with ID: 10000325
20:52:46.462 [main] INFO  com.BestBUY_BDD.test.Products - Product created with Name: Prod5
20:52:46.462 [main] INFO  com.BestBUY_BDD.test.Products - Product created with Type: type5
20:52:46.462 [main] INFO  com.BestBUY_BDD.test.Products - Product created with UPC: upc5
20:52:46.462 [main] INFO  com.BestBUY_BDD.test.Products - Product created with Price: 127.12
20:52:46.462 [main] INFO  com.BestBUY_BDD.test.Products - Product created with Model: model5
20:52:46.462 [main] INFO  com.BestBUY_BDD.test.Products - Product created with Desc: desc5
20:52:46.462 [main] INFO  com.BestBUY_BDD.test.Products - Creating multiple products with request params Tescase verified successfully
20:52:46.463 [main] INFO  com.BestBUY_BDD.test.Products - Creating multiple products with request params Completed
]]></system-out>
  </testcase>
  <testcase name="createMultipleProducts[Prod6, type6, 128.12, model6, upc6, desc6](6)" classname="com.BestBUY_BDD.test.Products" time="0.07">
    <system-out><![CDATA[20:52:46.463 [main] INFO  com.BestBUY_BDD.test.Products - Creating multiple products with request params Tescase started
20:52:46.463 [main] INFO  com.BestBUY_BDD.test.Products - Test case to create multiple products with request params
20:52:46.531 [main] INFO  com.BestBUY_BDD.test.Products - Product created with ID: 10000326
20:52:46.531 [main] INFO  com.BestBUY_BDD.test.Products - Product created with Name: Prod6
20:52:46.531 [main] INFO  com.BestBUY_BDD.test.Products - Product created with Type: type6
20:52:46.531 [main] INFO  com.BestBUY_BDD.test.Products - Product created with UPC: upc6
20:52:46.532 [main] INFO  com.BestBUY_BDD.test.Products - Product created with Price: 128.12
20:52:46.532 [main] INFO  com.BestBUY_BDD.test.Products - Product created with Model: model6
20:52:46.532 [main] INFO  com.BestBUY_BDD.test.Products - Product created with Desc: desc6
20:52:46.532 [main] INFO  com.BestBUY_BDD.test.Products - Creating multiple products with request params Tescase verified successfully
20:52:46.532 [main] INFO  com.BestBUY_BDD.test.Products - Creating multiple products with request params Completed
]]></system-out>
  </testcase>
  <testcase name="createMultipleProducts[Prod7, type7, 129.12, model7, upc7, desc7](7)" classname="com.BestBUY_BDD.test.Products" time="0.056">
    <system-out><![CDATA[20:52:46.532 [main] INFO  com.BestBUY_BDD.test.Products - Creating multiple products with request params Tescase started
20:52:46.532 [main] INFO  com.BestBUY_BDD.test.Products - Test case to create multiple products with request params
20:52:46.587 [main] INFO  com.BestBUY_BDD.test.Products - Product created with ID: 10000327
20:52:46.587 [main] INFO  com.BestBUY_BDD.test.Products - Product created with Name: Prod7
20:52:46.587 [main] INFO  com.BestBUY_BDD.test.Products - Product created with Type: type7
20:52:46.587 [main] INFO  com.BestBUY_BDD.test.Products - Product created with UPC: upc7
20:52:46.587 [main] INFO  com.BestBUY_BDD.test.Products - Product created with Price: 129.12
20:52:46.587 [main] INFO  com.BestBUY_BDD.test.Products - Product created with Model: model7
20:52:46.587 [main] INFO  com.BestBUY_BDD.test.Products - Product created with Desc: desc7
20:52:46.587 [main] INFO  com.BestBUY_BDD.test.Products - Creating multiple products with request params Tescase verified successfully
20:52:46.588 [main] INFO  com.BestBUY_BDD.test.Products - Creating multiple products with request params Completed
]]></system-out>
  </testcase>
  <testcase name="createMultipleProducts[Prod8, type8, 121.12, model8, upc8, desc8](8)" classname="com.BestBUY_BDD.test.Products" time="0.061">
    <system-out><![CDATA[20:52:46.588 [main] INFO  com.BestBUY_BDD.test.Products - Creating multiple products with request params Tescase started
20:52:46.588 [main] INFO  com.BestBUY_BDD.test.Products - Test case to create multiple products with request params
20:52:46.648 [main] INFO  com.BestBUY_BDD.test.Products - Product created with ID: 10000328
20:52:46.648 [main] INFO  com.BestBUY_BDD.test.Products - Product created with Name: Prod8
20:52:46.648 [main] INFO  com.BestBUY_BDD.test.Products - Product created with Type: type8
20:52:46.649 [main] INFO  com.BestBUY_BDD.test.Products - Product created with UPC: upc8
20:52:46.649 [main] INFO  com.BestBUY_BDD.test.Products - Product created with Price: 121.12
20:52:46.649 [main] INFO  com.BestBUY_BDD.test.Products - Product created with Model: model8
20:52:46.649 [main] INFO  com.BestBUY_BDD.test.Products - Product created with Desc: desc8
20:52:46.649 [main] INFO  com.BestBUY_BDD.test.Products - Creating multiple products with request params Tescase verified successfully
20:52:46.649 [main] INFO  com.BestBUY_BDD.test.Products - Creating multiple products with request params Completed
]]></system-out>
  </testcase>
  <testcase name="createMultipleProducts[Prod9, type9, 121.12, model9, upc9, desc9](9)" classname="com.BestBUY_BDD.test.Products" time="0.065">
    <system-out><![CDATA[20:52:46.649 [main] INFO  com.BestBUY_BDD.test.Products - Creating multiple products with request params Tescase started
20:52:46.649 [main] INFO  com.BestBUY_BDD.test.Products - Test case to create multiple products with request params
20:52:46.712 [main] INFO  com.BestBUY_BDD.test.Products - Product created with ID: 10000329
20:52:46.713 [main] INFO  com.BestBUY_BDD.test.Products - Product created with Name: Prod9
20:52:46.713 [main] INFO  com.BestBUY_BDD.test.Products - Product created with Type: type9
20:52:46.713 [main] INFO  com.BestBUY_BDD.test.Products - Product created with UPC: upc9
20:52:46.713 [main] INFO  com.BestBUY_BDD.test.Products - Product created with Price: 121.12
20:52:46.713 [main] INFO  com.BestBUY_BDD.test.Products - Product created with Model: model9
20:52:46.713 [main] INFO  com.BestBUY_BDD.test.Products - Product created with Desc: desc9
20:52:46.713 [main] INFO  com.BestBUY_BDD.test.Products - Creating multiple products with request params Tescase verified successfully
20:52:46.713 [main] INFO  com.BestBUY_BDD.test.Products - Creating multiple products with request params Completed
]]></system-out>
  </testcase>
  <testcase name="createMultipleProducts[Prod10, type10, 12.12, model10, upc10, desc10](10)" classname="com.BestBUY_BDD.test.Products" time="0.07">
    <system-out><![CDATA[20:52:46.714 [main] INFO  com.BestBUY_BDD.test.Products - Creating multiple products with request params Tescase started
20:52:46.714 [main] INFO  com.BestBUY_BDD.test.Products - Test case to create multiple products with request params
20:52:46.782 [main] INFO  com.BestBUY_BDD.test.Products - Product created with ID: 10000330
20:52:46.783 [main] INFO  com.BestBUY_BDD.test.Products - Product created with Name: Prod10
20:52:46.783 [main] INFO  com.BestBUY_BDD.test.Products - Product created with Type: type10
20:52:46.783 [main] INFO  com.BestBUY_BDD.test.Products - Product created with UPC: upc10
20:52:46.783 [main] INFO  com.BestBUY_BDD.test.Products - Product created with Price: 12.12
20:52:46.783 [main] INFO  com.BestBUY_BDD.test.Products - Product created with Model: model10
20:52:46.783 [main] INFO  com.BestBUY_BDD.test.Products - Product created with Desc: desc10
20:52:46.783 [main] INFO  com.BestBUY_BDD.test.Products - Creating multiple products with request params Tescase verified successfully
20:52:46.783 [main] INFO  com.BestBUY_BDD.test.Products - Creating multiple products with request params Completed
]]></system-out>
  </testcase>
  <testcase name="createMultipleProducts[Prod11, type11, 121.12, model11, upc11, desc11](11)" classname="com.BestBUY_BDD.test.Products" time="0.061">
    <system-out><![CDATA[20:52:46.783 [main] INFO  com.BestBUY_BDD.test.Products - Creating multiple products with request params Tescase started
20:52:46.784 [main] INFO  com.BestBUY_BDD.test.Products - Test case to create multiple products with request params
20:52:46.844 [main] INFO  com.BestBUY_BDD.test.Products - Product created with ID: 10000331
20:52:46.845 [main] INFO  com.BestBUY_BDD.test.Products - Product created with Name: Prod11
20:52:46.845 [main] INFO  com.BestBUY_BDD.test.Products - Product created with Type: type11
20:52:46.845 [main] INFO  com.BestBUY_BDD.test.Products - Product created with UPC: upc11
20:52:46.845 [main] INFO  com.BestBUY_BDD.test.Products - Product created with Price: 121.12
20:52:46.845 [main] INFO  com.BestBUY_BDD.test.Products - Product created with Model: model11
20:52:46.845 [main] INFO  com.BestBUY_BDD.test.Products - Product created with Desc: desc11
20:52:46.845 [main] INFO  com.BestBUY_BDD.test.Products - Creating multiple products with request params Tescase verified successfully
20:52:46.845 [main] INFO  com.BestBUY_BDD.test.Products - Creating multiple products with request params Completed
]]></system-out>
  </testcase>
  <testcase name="getMultipleProductsById[10000321, Prod1, type1, 123.12, model1, upc1, desc1](1)" classname="com.BestBUY_BDD.test.Products" time="0.054">
    <system-out><![CDATA[20:52:46.846 [main] INFO  com.BestBUY_BDD.test.Products - Getting product by id Tescase started
20:52:46.846 [main] INFO  com.BestBUY_BDD.test.Products - Test case to get product by id
20:52:46.901 [main] INFO  com.BestBUY_BDD.test.Products - Get Product By Id verified successfully with id: 10000331
20:52:46.901 [main] INFO  com.BestBUY_BDD.test.Products - Getting product by id Tescase Completed
]]></system-out>
  </testcase>
  <testcase name="getMultipleProductsById[10000322, Prod2, type2, 12.12, model2, upc2, desc2](2)" classname="com.BestBUY_BDD.test.Products" time="0.052">
    <system-out><![CDATA[20:52:46.902 [main] INFO  com.BestBUY_BDD.test.Products - Getting product by id Tescase started
20:52:46.902 [main] INFO  com.BestBUY_BDD.test.Products - Test case to get product by id
20:52:46.953 [main] INFO  com.BestBUY_BDD.test.Products - Get Product By Id verified successfully with id: 10000331
20:52:46.954 [main] INFO  com.BestBUY_BDD.test.Products - Getting product by id Tescase Completed
]]></system-out>
  </testcase>
  <testcase name="getMultipleProductsById[10000323, Prod3, type3, 125.12, model3, upc3, desc3](3)" classname="com.BestBUY_BDD.test.Products" time="0.048">
    <system-out><![CDATA[20:52:46.954 [main] INFO  com.BestBUY_BDD.test.Products - Getting product by id Tescase started
20:52:46.954 [main] INFO  com.BestBUY_BDD.test.Products - Test case to get product by id
20:52:47.001 [main] INFO  com.BestBUY_BDD.test.Products - Get Product By Id verified successfully with id: 10000331
20:52:47.001 [main] INFO  com.BestBUY_BDD.test.Products - Getting product by id Tescase Completed
]]></system-out>
  </testcase>
  <testcase name="getMultipleProductsById[10000324, Prod4, type4, 126.12, model4, upc4, desc4](4)" classname="com.BestBUY_BDD.test.Products" time="0.048">
    <system-out><![CDATA[20:52:47.001 [main] INFO  com.BestBUY_BDD.test.Products - Getting product by id Tescase started
20:52:47.002 [main] INFO  com.BestBUY_BDD.test.Products - Test case to get product by id
20:52:47.049 [main] INFO  com.BestBUY_BDD.test.Products - Get Product By Id verified successfully with id: 10000331
20:52:47.050 [main] INFO  com.BestBUY_BDD.test.Products - Getting product by id Tescase Completed
]]></system-out>
  </testcase>
  <testcase name="getMultipleProductsById[10000325, Prod5, type5, 127.12, model5, upc5, desc5](5)" classname="com.BestBUY_BDD.test.Products" time="0.052">
    <system-out><![CDATA[20:52:47.050 [main] INFO  com.BestBUY_BDD.test.Products - Getting product by id Tescase started
20:52:47.050 [main] INFO  com.BestBUY_BDD.test.Products - Test case to get product by id
20:52:47.101 [main] INFO  com.BestBUY_BDD.test.Products - Get Product By Id verified successfully with id: 10000331
20:52:47.101 [main] INFO  com.BestBUY_BDD.test.Products - Getting product by id Tescase Completed
]]></system-out>
  </testcase>
  <testcase name="getMultipleProductsById[10000326, Prod6, type6, 128.12, model6, upc6, desc6](6)" classname="com.BestBUY_BDD.test.Products" time="0.045">
    <system-out><![CDATA[20:52:47.102 [main] INFO  com.BestBUY_BDD.test.Products - Getting product by id Tescase started
20:52:47.102 [main] INFO  com.BestBUY_BDD.test.Products - Test case to get product by id
20:52:47.147 [main] INFO  com.BestBUY_BDD.test.Products - Get Product By Id verified successfully with id: 10000331
20:52:47.148 [main] INFO  com.BestBUY_BDD.test.Products - Getting product by id Tescase Completed
]]></system-out>
  </testcase>
  <testcase name="getMultipleProductsById[10000327, Prod7, type7, 129.12, model7, upc7, desc7](7)" classname="com.BestBUY_BDD.test.Products" time="0.06">
    <system-out><![CDATA[20:52:47.148 [main] INFO  com.BestBUY_BDD.test.Products - Getting product by id Tescase started
20:52:47.148 [main] INFO  com.BestBUY_BDD.test.Products - Test case to get product by id
20:52:47.206 [main] INFO  com.BestBUY_BDD.test.Products - Get Product By Id verified successfully with id: 10000331
20:52:47.206 [main] INFO  com.BestBUY_BDD.test.Products - Getting product by id Tescase Completed
]]></system-out>
  </testcase>
  <testcase name="getMultipleProductsById[10000328, Prod8, type8, 121.12, model8, upc8, desc8](8)" classname="com.BestBUY_BDD.test.Products" time="0.052">
    <system-out><![CDATA[20:52:47.207 [main] INFO  com.BestBUY_BDD.test.Products - Getting product by id Tescase started
20:52:47.207 [main] INFO  com.BestBUY_BDD.test.Products - Test case to get product by id
20:52:47.258 [main] INFO  com.BestBUY_BDD.test.Products - Get Product By Id verified successfully with id: 10000331
20:52:47.258 [main] INFO  com.BestBUY_BDD.test.Products - Getting product by id Tescase Completed
]]></system-out>
  </testcase>
  <testcase name="getMultipleProductsById[10000329, Prod9, type9, 121.12, model9, upc9, desc9](9)" classname="com.BestBUY_BDD.test.Products" time="0.061">
    <system-out><![CDATA[20:52:47.258 [main] INFO  com.BestBUY_BDD.test.Products - Getting product by id Tescase started
20:52:47.259 [main] INFO  com.BestBUY_BDD.test.Products - Test case to get product by id
20:52:47.319 [main] INFO  com.BestBUY_BDD.test.Products - Get Product By Id verified successfully with id: 10000331
20:52:47.319 [main] INFO  com.BestBUY_BDD.test.Products - Getting product by id Tescase Completed
]]></system-out>
  </testcase>
  <testcase name="getMultipleProductsById[10000330, Prod10, type10, 12.12, model10, upc10, desc10](10)" classname="com.BestBUY_BDD.test.Products" time="0.052">
    <system-out><![CDATA[20:52:47.320 [main] INFO  com.BestBUY_BDD.test.Products - Getting product by id Tescase started
20:52:47.320 [main] INFO  com.BestBUY_BDD.test.Products - Test case to get product by id
20:52:47.371 [main] INFO  com.BestBUY_BDD.test.Products - Get Product By Id verified successfully with id: 10000331
20:52:47.371 [main] INFO  com.BestBUY_BDD.test.Products - Getting product by id Tescase Completed
]]></system-out>
  </testcase>
  <testcase name="getMultipleProductsById[10000331, Prod11, type11, 121.12, model11, upc11, desc11](11)" classname="com.BestBUY_BDD.test.Products" time="0.042">
    <system-out><![CDATA[20:52:47.371 [main] INFO  com.BestBUY_BDD.test.Products - Getting product by id Tescase started
20:52:47.371 [main] INFO  com.BestBUY_BDD.test.Products - Test case to get product by id
20:52:47.414 [main] INFO  com.BestBUY_BDD.test.Products - Get Product By Id verified successfully with id: 10000331
20:52:47.414 [main] INFO  com.BestBUY_BDD.test.Products - Getting product by id Tescase Completed
]]></system-out>
  </testcase>
  <testcase name="updateMultipleProducts[10000321, Prod1, type1, 123.12, model1, upc1, desc1](1)" classname="com.BestBUY_BDD.test.Products" time="0.055">
    <system-out><![CDATA[20:52:47.415 [main] INFO  com.BestBUY_BDD.test.Products - Updating multiple products with request params Tescase started
20:52:47.415 [main] INFO  com.BestBUY_BDD.test.Products - Test case to update multiple products with request params
20:52:47.466 [main] INFO  com.BestBUY_BDD.test.Products - Product updated with ID: 10000331
20:52:47.466 [main] INFO  com.BestBUY_BDD.test.Products - Product updated with Name: Prod11
20:52:47.467 [main] INFO  com.BestBUY_BDD.test.Products - Product updated with Type: type11
20:52:47.467 [main] INFO  com.BestBUY_BDD.test.Products - Product updated with UPC: upc11
20:52:47.467 [main] INFO  com.BestBUY_BDD.test.Products - Product updated with Price: 121.12
20:52:47.467 [main] INFO  com.BestBUY_BDD.test.Products - Product updated with Model: model11
20:52:47.467 [main] INFO  com.BestBUY_BDD.test.Products - Product updated with Desc: desc11
20:52:47.467 [main] INFO  com.BestBUY_BDD.test.Products - Updating multiple products with request params Tescase verified successfully
20:52:47.467 [main] INFO  com.BestBUY_BDD.test.Products - Updating multiple products with request params Completed
]]></system-out>
  </testcase>
  <testcase name="updateMultipleProducts[10000322, Prod2, type2, 12.12, model2, upc2, desc2](2)" classname="com.BestBUY_BDD.test.Products" time="0.061">
    <system-out><![CDATA[20:52:47.467 [main] INFO  com.BestBUY_BDD.test.Products - Updating multiple products with request params Tescase started
20:52:47.467 [main] INFO  com.BestBUY_BDD.test.Products - Test case to update multiple products with request params
20:52:47.528 [main] INFO  com.BestBUY_BDD.test.Products - Product updated with ID: 10000331
20:52:47.528 [main] INFO  com.BestBUY_BDD.test.Products - Product updated with Name: Prod11
20:52:47.529 [main] INFO  com.BestBUY_BDD.test.Products - Product updated with Type: type11
20:52:47.529 [main] INFO  com.BestBUY_BDD.test.Products - Product updated with UPC: upc11
20:52:47.529 [main] INFO  com.BestBUY_BDD.test.Products - Product updated with Price: 121.12
20:52:47.529 [main] INFO  com.BestBUY_BDD.test.Products - Product updated with Model: model11
20:52:47.529 [main] INFO  com.BestBUY_BDD.test.Products - Product updated with Desc: desc11
20:52:47.529 [main] INFO  com.BestBUY_BDD.test.Products - Updating multiple products with request params Tescase verified successfully
20:52:47.529 [main] INFO  com.BestBUY_BDD.test.Products - Updating multiple products with request params Completed
]]></system-out>
  </testcase>
  <testcase name="updateMultipleProducts[10000323, Prod3, type3, 125.12, model3, upc3, desc3](3)" classname="com.BestBUY_BDD.test.Products" time="0.053">
    <system-out><![CDATA[20:52:47.529 [main] INFO  com.BestBUY_BDD.test.Products - Updating multiple products with request params Tescase started
20:52:47.529 [main] INFO  com.BestBUY_BDD.test.Products - Test case to update multiple products with request params
20:52:47.580 [main] INFO  com.BestBUY_BDD.test.Products - Product updated with ID: 10000331
20:52:47.581 [main] INFO  com.BestBUY_BDD.test.Products - Product updated with Name: Prod11
20:52:47.581 [main] INFO  com.BestBUY_BDD.test.Products - Product updated with Type: type11
20:52:47.581 [main] INFO  com.BestBUY_BDD.test.Products - Product updated with UPC: upc11
20:52:47.581 [main] INFO  com.BestBUY_BDD.test.Products - Product updated with Price: 121.12
20:52:47.581 [main] INFO  com.BestBUY_BDD.test.Products - Product updated with Model: model11
20:52:47.581 [main] INFO  com.BestBUY_BDD.test.Products - Product updated with Desc: desc11
20:52:47.581 [main] INFO  com.BestBUY_BDD.test.Products - Updating multiple products with request params Tescase verified successfully
20:52:47.581 [main] INFO  com.BestBUY_BDD.test.Products - Updating multiple products with request params Completed
]]></system-out>
  </testcase>
  <testcase name="updateMultipleProducts[10000324, Prod4, type4, 126.12, model4, upc4, desc4](4)" classname="com.BestBUY_BDD.test.Products" time="0.061">
    <system-out><![CDATA[20:52:47.581 [main] INFO  com.BestBUY_BDD.test.Products - Updating multiple products with request params Tescase started
20:52:47.581 [main] INFO  com.BestBUY_BDD.test.Products - Test case to update multiple products with request params
20:52:47.640 [main] INFO  com.BestBUY_BDD.test.Products - Product updated with ID: 10000331
20:52:47.641 [main] INFO  com.BestBUY_BDD.test.Products - Product updated with Name: Prod11
20:52:47.641 [main] INFO  com.BestBUY_BDD.test.Products - Product updated with Type: type11
20:52:47.641 [main] INFO  com.BestBUY_BDD.test.Products - Product updated with UPC: upc11
20:52:47.641 [main] INFO  com.BestBUY_BDD.test.Products - Product updated with Price: 121.12
20:52:47.641 [main] INFO  com.BestBUY_BDD.test.Products - Product updated with Model: model11
20:52:47.641 [main] INFO  com.BestBUY_BDD.test.Products - Product updated with Desc: desc11
20:52:47.641 [main] INFO  com.BestBUY_BDD.test.Products - Updating multiple products with request params Tescase verified successfully
20:52:47.641 [main] INFO  com.BestBUY_BDD.test.Products - Updating multiple products with request params Completed
]]></system-out>
  </testcase>
  <testcase name="updateMultipleProducts[10000325, Prod5, type5, 127.12, model5, upc5, desc5](5)" classname="com.BestBUY_BDD.test.Products" time="0.063">
    <system-out><![CDATA[20:52:47.642 [main] INFO  com.BestBUY_BDD.test.Products - Updating multiple products with request params Tescase started
20:52:47.642 [main] INFO  com.BestBUY_BDD.test.Products - Test case to update multiple products with request params
20:52:47.704 [main] INFO  com.BestBUY_BDD.test.Products - Product updated with ID: 10000331
20:52:47.705 [main] INFO  com.BestBUY_BDD.test.Products - Product updated with Name: Prod11
20:52:47.705 [main] INFO  com.BestBUY_BDD.test.Products - Product updated with Type: type11
20:52:47.705 [main] INFO  com.BestBUY_BDD.test.Products - Product updated with UPC: upc11
20:52:47.705 [main] INFO  com.BestBUY_BDD.test.Products - Product updated with Price: 121.12
20:52:47.705 [main] INFO  com.BestBUY_BDD.test.Products - Product updated with Model: model11
20:52:47.705 [main] INFO  com.BestBUY_BDD.test.Products - Product updated with Desc: desc11
20:52:47.705 [main] INFO  com.BestBUY_BDD.test.Products - Updating multiple products with request params Tescase verified successfully
20:52:47.705 [main] INFO  com.BestBUY_BDD.test.Products - Updating multiple products with request params Completed
]]></system-out>
  </testcase>
  <testcase name="updateMultipleProducts[10000326, Prod6, type6, 128.12, model6, upc6, desc6](6)" classname="com.BestBUY_BDD.test.Products" time="0.057">
    <system-out><![CDATA[20:52:47.706 [main] INFO  com.BestBUY_BDD.test.Products - Updating multiple products with request params Tescase started
20:52:47.706 [main] INFO  com.BestBUY_BDD.test.Products - Test case to update multiple products with request params
20:52:47.761 [main] INFO  com.BestBUY_BDD.test.Products - Product updated with ID: 10000331
20:52:47.761 [main] INFO  com.BestBUY_BDD.test.Products - Product updated with Name: Prod11
20:52:47.761 [main] INFO  com.BestBUY_BDD.test.Products - Product updated with Type: type11
20:52:47.761 [main] INFO  com.BestBUY_BDD.test.Products - Product updated with UPC: upc11
20:52:47.761 [main] INFO  com.BestBUY_BDD.test.Products - Product updated with Price: 121.12
20:52:47.761 [main] INFO  com.BestBUY_BDD.test.Products - Product updated with Model: model11
20:52:47.761 [main] INFO  com.BestBUY_BDD.test.Products - Product updated with Desc: desc11
20:52:47.761 [main] INFO  com.BestBUY_BDD.test.Products - Updating multiple products with request params Tescase verified successfully
20:52:47.761 [main] INFO  com.BestBUY_BDD.test.Products - Updating multiple products with request params Completed
]]></system-out>
  </testcase>
  <testcase name="updateMultipleProducts[10000327, Prod7, type7, 129.12, model7, upc7, desc7](7)" classname="com.BestBUY_BDD.test.Products" time="0.056">
    <system-out><![CDATA[20:52:47.762 [main] INFO  com.BestBUY_BDD.test.Products - Updating multiple products with request params Tescase started
20:52:47.762 [main] INFO  com.BestBUY_BDD.test.Products - Test case to update multiple products with request params
20:52:47.817 [main] INFO  com.BestBUY_BDD.test.Products - Product updated with ID: 10000331
20:52:47.817 [main] INFO  com.BestBUY_BDD.test.Products - Product updated with Name: Prod11
20:52:47.817 [main] INFO  com.BestBUY_BDD.test.Products - Product updated with Type: type11
20:52:47.817 [main] INFO  com.BestBUY_BDD.test.Products - Product updated with UPC: upc11
20:52:47.817 [main] INFO  com.BestBUY_BDD.test.Products - Product updated with Price: 121.12
20:52:47.817 [main] INFO  com.BestBUY_BDD.test.Products - Product updated with Model: model11
20:52:47.817 [main] INFO  com.BestBUY_BDD.test.Products - Product updated with Desc: desc11
20:52:47.817 [main] INFO  com.BestBUY_BDD.test.Products - Updating multiple products with request params Tescase verified successfully
20:52:47.817 [main] INFO  com.BestBUY_BDD.test.Products - Updating multiple products with request params Completed
]]></system-out>
  </testcase>
  <testcase name="updateMultipleProducts[10000328, Prod8, type8, 121.12, model8, upc8, desc8](8)" classname="com.BestBUY_BDD.test.Products" time="0.057">
    <system-out><![CDATA[20:52:47.818 [main] INFO  com.BestBUY_BDD.test.Products - Updating multiple products with request params Tescase started
20:52:47.818 [main] INFO  com.BestBUY_BDD.test.Products - Test case to update multiple products with request params
20:52:47.874 [main] INFO  com.BestBUY_BDD.test.Products - Product updated with ID: 10000331
20:52:47.874 [main] INFO  com.BestBUY_BDD.test.Products - Product updated with Name: Prod11
20:52:47.874 [main] INFO  com.BestBUY_BDD.test.Products - Product updated with Type: type11
20:52:47.874 [main] INFO  com.BestBUY_BDD.test.Products - Product updated with UPC: upc11
20:52:47.874 [main] INFO  com.BestBUY_BDD.test.Products - Product updated with Price: 121.12
20:52:47.874 [main] INFO  com.BestBUY_BDD.test.Products - Product updated with Model: model11
20:52:47.874 [main] INFO  com.BestBUY_BDD.test.Products - Product updated with Desc: desc11
20:52:47.874 [main] INFO  com.BestBUY_BDD.test.Products - Updating multiple products with request params Tescase verified successfully
20:52:47.875 [main] INFO  com.BestBUY_BDD.test.Products - Updating multiple products with request params Completed
]]></system-out>
  </testcase>
  <testcase name="updateMultipleProducts[10000329, Prod9, type9, 121.12, model9, upc9, desc9](9)" classname="com.BestBUY_BDD.test.Products" time="0.066">
    <system-out><![CDATA[20:52:47.875 [main] INFO  com.BestBUY_BDD.test.Products - Updating multiple products with request params Tescase started
20:52:47.875 [main] INFO  com.BestBUY_BDD.test.Products - Test case to update multiple products with request params
20:52:47.941 [main] INFO  com.BestBUY_BDD.test.Products - Product updated with ID: 10000331
20:52:47.941 [main] INFO  com.BestBUY_BDD.test.Products - Product updated with Name: Prod11
20:52:47.941 [main] INFO  com.BestBUY_BDD.test.Products - Product updated with Type: type11
20:52:47.941 [main] INFO  com.BestBUY_BDD.test.Products - Product updated with UPC: upc11
20:52:47.941 [main] INFO  com.BestBUY_BDD.test.Products - Product updated with Price: 121.12
20:52:47.941 [main] INFO  com.BestBUY_BDD.test.Products - Product updated with Model: model11
20:52:47.941 [main] INFO  com.BestBUY_BDD.test.Products - Product updated with Desc: desc11
20:52:47.941 [main] INFO  com.BestBUY_BDD.test.Products - Updating multiple products with request params Tescase verified successfully
20:52:47.941 [main] INFO  com.BestBUY_BDD.test.Products - Updating multiple products with request params Completed
]]></system-out>
  </testcase>
  <testcase name="updateMultipleProducts[10000330, Prod10, type10, 12.12, model10, upc10, desc10](10)" classname="com.BestBUY_BDD.test.Products" time="0.066">
    <system-out><![CDATA[20:52:47.942 [main] INFO  com.BestBUY_BDD.test.Products - Updating multiple products with request params Tescase started
20:52:47.942 [main] INFO  com.BestBUY_BDD.test.Products - Test case to update multiple products with request params
20:52:48.005 [main] INFO  com.BestBUY_BDD.test.Products - Product updated with ID: 10000331
20:52:48.005 [main] INFO  com.BestBUY_BDD.test.Products - Product updated with Name: Prod11
20:52:48.006 [main] INFO  com.BestBUY_BDD.test.Products - Product updated with Type: type11
20:52:48.006 [main] INFO  com.BestBUY_BDD.test.Products - Product updated with UPC: upc11
20:52:48.006 [main] INFO  com.BestBUY_BDD.test.Products - Product updated with Price: 121.12
20:52:48.006 [main] INFO  com.BestBUY_BDD.test.Products - Product updated with Model: model11
20:52:48.006 [main] INFO  com.BestBUY_BDD.test.Products - Product updated with Desc: desc11
20:52:48.006 [main] INFO  com.BestBUY_BDD.test.Products - Updating multiple products with request params Tescase verified successfully
20:52:48.006 [main] INFO  com.BestBUY_BDD.test.Products - Updating multiple products with request params Completed
]]></system-out>
  </testcase>
  <testcase name="updateMultipleProducts[10000331, Prod11, type11, 121.12, model11, upc11, desc11](11)" classname="com.BestBUY_BDD.test.Products" time="0.054">
    <system-out><![CDATA[20:52:48.007 [main] INFO  com.BestBUY_BDD.test.Products - Updating multiple products with request params Tescase started
20:52:48.007 [main] INFO  com.BestBUY_BDD.test.Products - Test case to update multiple products with request params
20:52:48.060 [main] INFO  com.BestBUY_BDD.test.Products - Product updated with ID: 10000331
20:52:48.060 [main] INFO  com.BestBUY_BDD.test.Products - Product updated with Name: Prod11
20:52:48.060 [main] INFO  com.BestBUY_BDD.test.Products - Product updated with Type: type11
20:52:48.060 [main] INFO  com.BestBUY_BDD.test.Products - Product updated with UPC: upc11
20:52:48.060 [main] INFO  com.BestBUY_BDD.test.Products - Product updated with Price: 121.12
20:52:48.060 [main] INFO  com.BestBUY_BDD.test.Products - Product updated with Model: model11
20:52:48.060 [main] INFO  com.BestBUY_BDD.test.Products - Product updated with Desc: desc11
20:52:48.060 [main] INFO  com.BestBUY_BDD.test.Products - Updating multiple products with request params Tescase verified successfully
20:52:48.060 [main] INFO  com.BestBUY_BDD.test.Products - Updating multiple products with request params Completed
]]></system-out>
  </testcase>
  <testcase name="deleteMultipleProducts[10000321](1)" classname="com.BestBUY_BDD.test.Products" time="0.012">
    <system-out><![CDATA[20:52:48.061 [main] INFO  com.BestBUY_BDD.test.Products - Deleting product by id Tescase started
20:52:48.061 [main] INFO  com.BestBUY_BDD.test.Products - Test case to Deleting product by id
20:52:48.074 [main] INFO  com.BestBUY_BDD.test.Products - Deleting Product By Id verified successfully with id: 10000331
20:52:48.075 [main] INFO  com.BestBUY_BDD.test.Products - Deleting product by id Tescase Completed
]]></system-out>
  </testcase>
  <testcase name="deleteMultipleProducts[10000322](2)" classname="com.BestBUY_BDD.test.Products" time="0.012">
    <system-out><![CDATA[20:52:48.075 [main] INFO  com.BestBUY_BDD.test.Products - Deleting product by id Tescase started
20:52:48.075 [main] INFO  com.BestBUY_BDD.test.Products - Test case to Deleting product by id
20:52:48.086 [main] INFO  com.BestBUY_BDD.test.Products - Deleting Product By Id verified successfully with id: 10000331
20:52:48.086 [main] INFO  com.BestBUY_BDD.test.Products - Deleting product by id Tescase Completed
]]></system-out>
  </testcase>
  <testcase name="deleteMultipleProducts[10000323](3)" classname="com.BestBUY_BDD.test.Products" time="0.012">
    <system-out><![CDATA[20:52:48.087 [main] INFO  com.BestBUY_BDD.test.Products - Deleting product by id Tescase started
20:52:48.087 [main] INFO  com.BestBUY_BDD.test.Products - Test case to Deleting product by id
20:52:48.098 [main] INFO  com.BestBUY_BDD.test.Products - Deleting Product By Id verified successfully with id: 10000331
20:52:48.098 [main] INFO  com.BestBUY_BDD.test.Products - Deleting product by id Tescase Completed
]]></system-out>
  </testcase>
  <testcase name="deleteMultipleProducts[10000324](4)" classname="com.BestBUY_BDD.test.Products" time="0.011">
    <system-out><![CDATA[20:52:48.099 [main] INFO  com.BestBUY_BDD.test.Products - Deleting product by id Tescase started
20:52:48.099 [main] INFO  com.BestBUY_BDD.test.Products - Test case to Deleting product by id
20:52:48.110 [main] INFO  com.BestBUY_BDD.test.Products - Deleting Product By Id verified successfully with id: 10000331
20:52:48.110 [main] INFO  com.BestBUY_BDD.test.Products - Deleting product by id Tescase Completed
]]></system-out>
  </testcase>
  <testcase name="deleteMultipleProducts[10000325](5)" classname="com.BestBUY_BDD.test.Products" time="0.012">
    <system-out><![CDATA[20:52:48.110 [main] INFO  com.BestBUY_BDD.test.Products - Deleting product by id Tescase started
20:52:48.110 [main] INFO  com.BestBUY_BDD.test.Products - Test case to Deleting product by id
20:52:48.122 [main] INFO  com.BestBUY_BDD.test.Products - Deleting Product By Id verified successfully with id: 10000331
20:52:48.122 [main] INFO  com.BestBUY_BDD.test.Products - Deleting product by id Tescase Completed
]]></system-out>
  </testcase>
  <testcase name="deleteMultipleProducts[10000326](6)" classname="com.BestBUY_BDD.test.Products" time="0.013">
    <system-out><![CDATA[20:52:48.122 [main] INFO  com.BestBUY_BDD.test.Products - Deleting product by id Tescase started
20:52:48.122 [main] INFO  com.BestBUY_BDD.test.Products - Test case to Deleting product by id
20:52:48.135 [main] INFO  com.BestBUY_BDD.test.Products - Deleting Product By Id verified successfully with id: 10000331
20:52:48.135 [main] INFO  com.BestBUY_BDD.test.Products - Deleting product by id Tescase Completed
]]></system-out>
  </testcase>
  <testcase name="deleteMultipleProducts[10000327](7)" classname="com.BestBUY_BDD.test.Products" time="0.013">
    <system-out><![CDATA[20:52:48.135 [main] INFO  com.BestBUY_BDD.test.Products - Deleting product by id Tescase started
20:52:48.135 [main] INFO  com.BestBUY_BDD.test.Products - Test case to Deleting product by id
20:52:48.148 [main] INFO  com.BestBUY_BDD.test.Products - Deleting Product By Id verified successfully with id: 10000331
20:52:48.148 [main] INFO  com.BestBUY_BDD.test.Products - Deleting product by id Tescase Completed
]]></system-out>
  </testcase>
  <testcase name="deleteMultipleProducts[10000328](8)" classname="com.BestBUY_BDD.test.Products" time="0.014">
    <system-out><![CDATA[20:52:48.149 [main] INFO  com.BestBUY_BDD.test.Products - Deleting product by id Tescase started
20:52:48.149 [main] INFO  com.BestBUY_BDD.test.Products - Test case to Deleting product by id
20:52:48.163 [main] INFO  com.BestBUY_BDD.test.Products - Deleting Product By Id verified successfully with id: 10000331
20:52:48.163 [main] INFO  com.BestBUY_BDD.test.Products - Deleting product by id Tescase Completed
]]></system-out>
  </testcase>
  <testcase name="deleteMultipleProducts[10000329](9)" classname="com.BestBUY_BDD.test.Products" time="0.014">
    <system-out><![CDATA[20:52:48.163 [main] INFO  com.BestBUY_BDD.test.Products - Deleting product by id Tescase started
20:52:48.163 [main] INFO  com.BestBUY_BDD.test.Products - Test case to Deleting product by id
20:52:48.177 [main] INFO  com.BestBUY_BDD.test.Products - Deleting Product By Id verified successfully with id: 10000331
20:52:48.177 [main] INFO  com.BestBUY_BDD.test.Products - Deleting product by id Tescase Completed
]]></system-out>
  </testcase>
  <testcase name="deleteMultipleProducts[10000330](10)" classname="com.BestBUY_BDD.test.Products" time="0.014">
    <system-out><![CDATA[20:52:48.177 [main] INFO  com.BestBUY_BDD.test.Products - Deleting product by id Tescase started
20:52:48.177 [main] INFO  com.BestBUY_BDD.test.Products - Test case to Deleting product by id
20:52:48.190 [main] INFO  com.BestBUY_BDD.test.Products - Deleting Product By Id verified successfully with id: 10000331
20:52:48.190 [main] INFO  com.BestBUY_BDD.test.Products - Deleting product by id Tescase Completed
]]></system-out>
  </testcase>
  <testcase name="deleteMultipleProducts[10000331](11)" classname="com.BestBUY_BDD.test.Products" time="0.011">
    <system-out><![CDATA[20:52:48.191 [main] INFO  com.BestBUY_BDD.test.Products - Deleting product by id Tescase started
20:52:48.191 [main] INFO  com.BestBUY_BDD.test.Products - Test case to Deleting product by id
20:52:48.201 [main] INFO  com.BestBUY_BDD.test.Products - Deleting Product By Id verified successfully with id: 10000331
20:52:48.202 [main] INFO  com.BestBUY_BDD.test.Products - Deleting product by id Tescase Completed
]]></system-out>
  </testcase>
  <testcase name="ProductsCount" classname="com.BestBUY_BDD.test.Products" time="0.153">
    <system-out><![CDATA[20:52:48.202 [main] INFO  com.BestBUY_BDD.test.Products - Get Product Count Tescase started
20:52:48.203 [main] INFO  com.BestBUY_BDD.test.Products - Test case to get the count of Products
20:52:48.355 [main] INFO  com.BestBUY_BDD.test.Products - Product Count Verified Successfully
20:52:48.355 [main] INFO  com.BestBUY_BDD.test.Products - Get Product Count Tescase Completed
]]></system-out>
  </testcase>
</testsuite>